<?xml version="1.0" encoding="utf-8"?>
<coverage line-rate="0.9464" branch-rate="0.9369" version="1.9" timestamp="1774801830" lines-covered="725" lines-valid="766" branches-covered="223" branches-valid="238">
  <sources>
    <source>/home/runner/work/hpoll/hpoll/src/</source>
  </sources>
  <packages>
    <package name="Hpoll.Core" line-rate="0.9304000000000001" branch-rate="0.8371999999999999" complexity="177">
      <classes>
        <class name="Hpoll.Core.BuildInfo" filename="Hpoll.Core/BuildInfo.cs" line-rate="0" branch-rate="0" complexity="15">
          <methods>
            <method name="get_Branch" signature="()" line-rate="0" branch-rate="1" complexity="1">
              <lines>
                <line number="16" hits="0" branch="False" />
              </lines>
            </method>
            <method name="get_Commit" signature="()" line-rate="0" branch-rate="1" complexity="1">
              <lines>
                <line number="17" hits="0" branch="False" />
              </lines>
            </method>
            <method name="get_BuildNumber" signature="()" line-rate="0" branch-rate="1" complexity="1">
              <lines>
                <line number="18" hits="0" branch="False" />
              </lines>
            </method>
            <method name="get_RunId" signature="()" line-rate="0" branch-rate="1" complexity="1">
              <lines>
                <line number="19" hits="0" branch="False" />
              </lines>
            </method>
            <method name="get_Timestamp" signature="()" line-rate="0" branch-rate="1" complexity="1">
              <lines>
                <line number="20" hits="0" branch="False" />
              </lines>
            </method>
            <method name="get_PullRequest" signature="()" line-rate="0" branch-rate="1" complexity="1">
              <lines>
                <line number="21" hits="0" branch="False" />
              </lines>
            </method>
            <method name="get_ShortCommit" signature="()" line-rate="0" branch-rate="0" complexity="2">
              <lines>
                <line number="23" hits="0" branch="True" condition-coverage="0% (0/2)">
                  <conditions>
                    <condition number="11" type="jump" coverage="0%" />
                  </conditions>
                </line>
              </lines>
            </method>
            <method name="get_IsCI" signature="()" line-rate="0" branch-rate="1" complexity="1">
              <lines>
                <line number="25" hits="0" branch="False" />
              </lines>
            </method>
            <method name="Get" signature="(System.String)" line-rate="0" branch-rate="0" complexity="2">
              <lines>
                <line number="28" hits="0" branch="True" condition-coverage="0% (0/2)">
                  <conditions>
                    <condition number="13" type="jump" coverage="0%" />
                  </conditions>
                </line>
              </lines>
            </method>
            <method name=".cctor" signature="()" line-rate="0" branch-rate="0" complexity="4">
              <lines>
                <line number="11" hits="0" branch="True" condition-coverage="0% (0/2)">
                  <conditions>
                    <condition number="6" type="jump" coverage="0%" />
                  </conditions>
                </line>
                <line number="12" hits="0" branch="False" />
                <line number="13" hits="0" branch="True" condition-coverage="0% (0/2)">
                  <conditions>
                    <condition number="7" type="jump" coverage="0%" />
                  </conditions>
                </line>
                <line number="14" hits="0" branch="False" />
              </lines>
            </method>
          </methods>
          <lines>
            <line number="16" hits="0" branch="False" />
            <line number="17" hits="0" branch="False" />
            <line number="18" hits="0" branch="False" />
            <line number="19" hits="0" branch="False" />
            <line number="20" hits="0" branch="False" />
            <line number="21" hits="0" branch="False" />
            <line number="23" hits="0" branch="True" condition-coverage="0% (0/2)">
              <conditions>
                <condition number="11" type="jump" coverage="0%" />
              </conditions>
            </line>
            <line number="25" hits="0" branch="False" />
            <line number="28" hits="0" branch="True" condition-coverage="0% (0/2)">
              <conditions>
                <condition number="13" type="jump" coverage="0%" />
              </conditions>
            </line>
            <line number="11" hits="0" branch="True" condition-coverage="0% (0/2)">
              <conditions>
                <condition number="6" type="jump" coverage="0%" />
              </conditions>
            </line>
            <line number="12" hits="0" branch="False" />
            <line number="13" hits="0" branch="True" condition-coverage="0% (0/2)">
              <conditions>
                <condition number="7" type="jump" coverage="0%" />
              </conditions>
            </line>
            <line number="14" hits="0" branch="False" />
          </lines>
        </class>
        <class name="Hpoll.Core.Utilities.EmailMasker" filename="Hpoll.Core/Utilities/EmailMasker.cs" line-rate="1" branch-rate="1" complexity="4">
          <methods>
            <method name="Mask" signature="(System.String)" line-rate="1" branch-rate="1" complexity="2">
              <lines>
                <line number="15" hits="28" branch="False" />
                <line number="16" hits="30" branch="True" condition-coverage="100% (2/2)">
                  <conditions>
                    <condition number="11" type="jump" coverage="100%" />
                  </conditions>
                </line>
                <line number="17" hits="26" branch="False" />
                <line number="18" hits="26" branch="False" />
                <line number="19" hits="26" branch="False" />
                <line number="20" hits="26" branch="False" />
              </lines>
            </method>
            <method name="MaskList" signature="(System.String)" line-rate="1" branch-rate="1" complexity="2">
              <lines>
                <line number="29" hits="7" branch="True" condition-coverage="100% (2/2)">
                  <conditions>
                    <condition number="6" type="jump" coverage="100%" />
                  </conditions>
                </line>
                <line number="30" hits="3" branch="False" />
                <line number="31" hits="7" branch="False" />
              </lines>
            </method>
          </methods>
          <lines>
            <line number="15" hits="28" branch="False" />
            <line number="16" hits="30" branch="True" condition-coverage="100% (2/2)">
              <conditions>
                <condition number="11" type="jump" coverage="100%" />
              </conditions>
            </line>
            <line number="17" hits="26" branch="False" />
            <line number="18" hits="26" branch="False" />
            <line number="19" hits="26" branch="False" />
            <line number="20" hits="26" branch="False" />
            <line number="29" hits="7" branch="True" condition-coverage="100% (2/2)">
              <conditions>
                <condition number="6" type="jump" coverage="100%" />
              </conditions>
            </line>
            <line number="30" hits="3" branch="False" />
            <line number="31" hits="7" branch="False" />
          </lines>
        </class>
        <class name="Hpoll.Core.Services.HueApiClient" filename="Hpoll.Core/Services/HueApiClient.cs" line-rate="1" branch-rate="1" complexity="2">
          <methods>
            <method name=".ctor" signature="(System.Net.Http.IHttpClientFactory,Microsoft.Extensions.Options.IOptions`1&lt;Hpoll.Core.Configuration.HueAppSettings&gt;,Microsoft.Extensions.Logging.ILogger`1&lt;Hpoll.Core.Services.HueApiClient&gt;)" line-rate="1" branch-rate="1" complexity="1">
              <lines>
                <line number="30" hits="34" branch="False" />
                <line number="31" hits="34" branch="False" />
                <line number="32" hits="34" branch="False" />
                <line number="33" hits="34" branch="False" />
                <line number="35" hits="34" branch="False" />
                <line number="36" hits="34" branch="False" />
                <line number="37" hits="34" branch="False" />
                <line number="38" hits="34" branch="False" />
              </lines>
            </method>
            <method name=".cctor" signature="()" line-rate="1" branch-rate="1" complexity="1">
              <lines>
                <line number="21" hits="1" branch="False" />
                <line number="22" hits="1" branch="False" />
                <line number="23" hits="1" branch="False" />
                <line number="24" hits="1" branch="False" />
              </lines>
            </method>
          </methods>
          <lines>
            <line number="30" hits="34" branch="False" />
            <line number="31" hits="34" branch="False" />
            <line number="32" hits="34" branch="False" />
            <line number="33" hits="34" branch="False" />
            <line number="35" hits="34" branch="False" />
            <line number="36" hits="34" branch="False" />
            <line number="37" hits="34" branch="False" />
            <line number="38" hits="34" branch="False" />
            <line number="21" hits="1" branch="False" />
            <line number="22" hits="1" branch="False" />
            <line number="23" hits="1" branch="False" />
            <line number="24" hits="1" branch="False" />
          </lines>
        </class>
        <class name="Hpoll.Core.Services.HueApiClient/&lt;&gt;c__19`1" filename="Hpoll.Core/Services/HueApiClient.cs" line-rate="1" branch-rate="1" complexity="1">
          <methods>
            <method name="&lt;GetResourceAsync&gt;b__19_0" signature="(Hpoll.Core.Models.HueError)" line-rate="1" branch-rate="1" complexity="1">
              <lines>
                <line number="195" hits="5" branch="False" />
              </lines>
            </method>
          </methods>
          <lines>
            <line number="195" hits="5" branch="False" />
          </lines>
        </class>
        <class name="Hpoll.Core.Services.HueApiClient/&lt;EnableLinkButtonAsync&gt;d__16" filename="Hpoll.Core/Services/HueApiClient.cs" line-rate="1" branch-rate="0.75" complexity="4">
          <methods>
            <method name="MoveNext" signature="()" line-rate="1" branch-rate="0.75" complexity="4">
              <lines>
                <line number="91" hits="2" branch="False" />
                <line number="93" hits="2" branch="False" />
                <line number="94" hits="2" branch="False" />
                <line number="95" hits="2" branch="False" />
                <line number="96" hits="2" branch="False" />
                <line number="97" hits="2" branch="False" />
                <line number="99" hits="2" branch="False" />
                <line number="101" hits="2" branch="True" condition-coverage="100% (2/2)">
                  <conditions>
                    <condition number="270" type="jump" coverage="100%" />
                  </conditions>
                </line>
                <line number="103" hits="1" branch="False" />
                <line number="104" hits="1" branch="True" condition-coverage="50% (1/2)">
                  <conditions>
                    <condition number="437" type="jump" coverage="50%" />
                  </conditions>
                </line>
                <line number="105" hits="1" branch="False" />
                <line number="106" hits="1" branch="False" />
                <line number="107" hits="1" branch="False" />
                <line number="108" hits="1" branch="False" />
                <line number="110" hits="1" branch="False" />
              </lines>
            </method>
          </methods>
          <lines>
            <line number="91" hits="2" branch="False" />
            <line number="93" hits="2" branch="False" />
            <line number="94" hits="2" branch="False" />
            <line number="95" hits="2" branch="False" />
            <line number="96" hits="2" branch="False" />
            <line number="97" hits="2" branch="False" />
            <line number="99" hits="2" branch="False" />
            <line number="101" hits="2" branch="True" condition-coverage="100% (2/2)">
              <conditions>
                <condition number="270" type="jump" coverage="100%" />
              </conditions>
            </line>
            <line number="103" hits="1" branch="False" />
            <line number="104" hits="1" branch="True" condition-coverage="50% (1/2)">
              <conditions>
                <condition number="437" type="jump" coverage="50%" />
              </conditions>
            </line>
            <line number="105" hits="1" branch="False" />
            <line number="106" hits="1" branch="False" />
            <line number="107" hits="1" branch="False" />
            <line number="108" hits="1" branch="False" />
            <line number="110" hits="1" branch="False" />
          </lines>
        </class>
        <class name="Hpoll.Core.Services.HueApiClient/&lt;ExchangeAuthorizationCodeAsync&gt;d__15" filename="Hpoll.Core/Services/HueApiClient.cs" line-rate="1" branch-rate="1" complexity="1">
          <methods>
            <method name="MoveNext" signature="()" line-rate="1" branch-rate="1" complexity="1">
              <lines>
                <line number="81" hits="2" branch="False" />
                <line number="82" hits="2" branch="False" />
                <line number="83" hits="2" branch="False" />
                <line number="84" hits="2" branch="False" />
                <line number="85" hits="2" branch="False" />
                <line number="86" hits="2" branch="False" />
                <line number="87" hits="1" branch="False" />
              </lines>
            </method>
          </methods>
          <lines>
            <line number="81" hits="2" branch="False" />
            <line number="82" hits="2" branch="False" />
            <line number="83" hits="2" branch="False" />
            <line number="84" hits="2" branch="False" />
            <line number="85" hits="2" branch="False" />
            <line number="86" hits="2" branch="False" />
            <line number="87" hits="1" branch="False" />
          </lines>
        </class>
        <class name="Hpoll.Core.Services.HueApiClient/&lt;GetBridgeIdAsync&gt;d__18" filename="Hpoll.Core/Services/HueApiClient.cs" line-rate="1" branch-rate="1" complexity="2">
          <methods>
            <method name="MoveNext" signature="()" line-rate="1" branch-rate="1" complexity="2">
              <lines>
                <line number="154" hits="2" branch="False" />
                <line number="155" hits="2" branch="True" condition-coverage="100% (2/2)">
                  <conditions>
                    <condition number="139" type="jump" coverage="100%" />
                  </conditions>
                </line>
                <line number="156" hits="1" branch="False" />
                <line number="157" hits="1" branch="False" />
                <line number="158" hits="1" branch="False" />
              </lines>
            </method>
          </methods>
          <lines>
            <line number="154" hits="2" branch="False" />
            <line number="155" hits="2" branch="True" condition-coverage="100% (2/2)">
              <conditions>
                <condition number="139" type="jump" coverage="100%" />
              </conditions>
            </line>
            <line number="156" hits="1" branch="False" />
            <line number="157" hits="1" branch="False" />
            <line number="158" hits="1" branch="False" />
          </lines>
        </class>
        <class name="Hpoll.Core.Services.HueApiClient/&lt;GetDevicePowerAsync&gt;d__12" filename="Hpoll.Core/Services/HueApiClient.cs" line-rate="1" branch-rate="1" complexity="1">
          <methods>
            <method name="MoveNext" signature="()" line-rate="1" branch-rate="1" complexity="1">
              <lines>
                <line number="61" hits="2" branch="False" />
                <line number="62" hits="2" branch="False" />
              </lines>
            </method>
          </methods>
          <lines>
            <line number="61" hits="2" branch="False" />
            <line number="62" hits="2" branch="False" />
          </lines>
        </class>
        <class name="Hpoll.Core.Services.HueApiClient/&lt;GetDevicesAsync&gt;d__11" filename="Hpoll.Core/Services/HueApiClient.cs" line-rate="1" branch-rate="1" complexity="1">
          <methods>
            <method name="MoveNext" signature="()" line-rate="1" branch-rate="1" complexity="1">
              <lines>
                <line number="55" hits="2" branch="False" />
                <line number="56" hits="2" branch="False" />
              </lines>
            </method>
          </methods>
          <lines>
            <line number="55" hits="2" branch="False" />
            <line number="56" hits="2" branch="False" />
          </lines>
        </class>
        <class name="Hpoll.Core.Services.HueApiClient/&lt;GetMotionSensorsAsync&gt;d__9" filename="Hpoll.Core/Services/HueApiClient.cs" line-rate="1" branch-rate="1" complexity="1">
          <methods>
            <method name="MoveNext" signature="()" line-rate="1" branch-rate="1" complexity="1">
              <lines>
                <line number="43" hits="9" branch="False" />
                <line number="44" hits="5" branch="False" />
              </lines>
            </method>
          </methods>
          <lines>
            <line number="43" hits="9" branch="False" />
            <line number="44" hits="5" branch="False" />
          </lines>
        </class>
        <class name="Hpoll.Core.Services.HueApiClient/&lt;GetResourceAsync&gt;d__19`1" filename="Hpoll.Core/Services/HueApiClient.cs" line-rate="1" branch-rate="0.9166" complexity="12">
          <methods>
            <method name="MoveNext" signature="()" line-rate="1" branch-rate="0.9166" complexity="12">
              <lines>
                <line number="163" hits="20" branch="False" />
                <line number="165" hits="20" branch="True" condition-coverage="100% (2/2)">
                  <conditions>
                    <condition number="78" type="jump" coverage="100%" />
                  </conditions>
                </line>
                <line number="166" hits="20" branch="False" />
                <line number="167" hits="20" branch="False" />
                <line number="169" hits="20" branch="False" />
                <line number="171" hits="20" branch="False" />
                <line number="173" hits="20" branch="True" condition-coverage="100% (2/2)">
                  <conditions>
                    <condition number="312" type="jump" coverage="100%" />
                  </conditions>
                </line>
                <line number="175" hits="3" branch="False" />
                <line number="176" hits="3" branch="False" />
                <line number="177" hits="3" branch="True" condition-coverage="50% (1/2)">
                  <conditions>
                    <condition number="500" type="jump" coverage="50%" />
                  </conditions>
                </line>
                <line number="178" hits="3" branch="False" />
                <line number="180" hits="3" branch="False" />
                <line number="181" hits="3" branch="False" />
                <line number="182" hits="3" branch="False" />
                <line number="183" hits="3" branch="False" />
                <line number="186" hits="17" branch="False" />
                <line number="187" hits="17" branch="False" />
                <line number="189" hits="17" branch="True" condition-coverage="100% (2/2)">
                  <conditions>
                    <condition number="739" type="jump" coverage="100%" />
                  </conditions>
                </line>
                <line number="190" hits="1" branch="False" />
                <line number="192" hits="16" branch="True" condition-coverage="100% (2/2)">
                  <conditions>
                    <condition number="781" type="jump" coverage="100%" />
                  </conditions>
                </line>
                <line number="194" hits="2" branch="True" condition-coverage="100% (2/2)">
                  <conditions>
                    <condition number="849" type="jump" coverage="100%" />
                  </conditions>
                </line>
                <line number="198" hits="16" branch="False" />
                <line number="199" hits="16" branch="False" />
              </lines>
            </method>
          </methods>
          <lines>
            <line number="163" hits="20" branch="False" />
            <line number="165" hits="20" branch="True" condition-coverage="100% (2/2)">
              <conditions>
                <condition number="78" type="jump" coverage="100%" />
              </conditions>
            </line>
            <line number="166" hits="20" branch="False" />
            <line number="167" hits="20" branch="False" />
            <line number="169" hits="20" branch="False" />
            <line number="171" hits="20" branch="False" />
            <line number="173" hits="20" branch="True" condition-coverage="100% (2/2)">
              <conditions>
                <condition number="312" type="jump" coverage="100%" />
              </conditions>
            </line>
            <line number="175" hits="3" branch="False" />
            <line number="176" hits="3" branch="False" />
            <line number="177" hits="3" branch="True" condition-coverage="50% (1/2)">
              <conditions>
                <condition number="500" type="jump" coverage="50%" />
              </conditions>
            </line>
            <line number="178" hits="3" branch="False" />
            <line number="180" hits="3" branch="False" />
            <line number="181" hits="3" branch="False" />
            <line number="182" hits="3" branch="False" />
            <line number="183" hits="3" branch="False" />
            <line number="186" hits="17" branch="False" />
            <line number="187" hits="17" branch="False" />
            <line number="189" hits="17" branch="True" condition-coverage="100% (2/2)">
              <conditions>
                <condition number="739" type="jump" coverage="100%" />
              </conditions>
            </line>
            <line number="190" hits="1" branch="False" />
            <line number="192" hits="16" branch="True" condition-coverage="100% (2/2)">
              <conditions>
                <condition number="781" type="jump" coverage="100%" />
              </conditions>
            </line>
            <line number="194" hits="2" branch="True" condition-coverage="100% (2/2)">
              <conditions>
                <condition number="849" type="jump" coverage="100%" />
              </conditions>
            </line>
            <line number="198" hits="16" branch="False" />
            <line number="199" hits="16" branch="False" />
          </lines>
        </class>
        <class name="Hpoll.Core.Services.HueApiClient/&lt;GetTemperatureSensorsAsync&gt;d__10" filename="Hpoll.Core/Services/HueApiClient.cs" line-rate="1" branch-rate="1" complexity="1">
          <methods>
            <method name="MoveNext" signature="()" line-rate="1" branch-rate="1" complexity="1">
              <lines>
                <line number="49" hits="3" branch="False" />
                <line number="50" hits="3" branch="False" />
              </lines>
            </method>
          </methods>
          <lines>
            <line number="49" hits="3" branch="False" />
            <line number="50" hits="3" branch="False" />
          </lines>
        </class>
        <class name="Hpoll.Core.Services.HueApiClient/&lt;GetZigbeeConnectivityAsync&gt;d__13" filename="Hpoll.Core/Services/HueApiClient.cs" line-rate="1" branch-rate="1" complexity="1">
          <methods>
            <method name="MoveNext" signature="()" line-rate="1" branch-rate="1" complexity="1">
              <lines>
                <line number="67" hits="2" branch="False" />
                <line number="68" hits="2" branch="False" />
              </lines>
            </method>
          </methods>
          <lines>
            <line number="67" hits="2" branch="False" />
            <line number="68" hits="2" branch="False" />
          </lines>
        </class>
        <class name="Hpoll.Core.Services.HueApiClient/&lt;PostTokenRequestAsync&gt;d__20" filename="Hpoll.Core/Services/HueApiClient.cs" line-rate="1" branch-rate="0.875" complexity="8">
          <methods>
            <method name="MoveNext" signature="()" line-rate="1" branch-rate="0.875" complexity="8">
              <lines>
                <line number="203" hits="7" branch="False" />
                <line number="205" hits="7" branch="False" />
                <line number="206" hits="7" branch="False" />
                <line number="208" hits="7" branch="True" condition-coverage="100% (2/2)">
                  <conditions>
                    <condition number="116" type="jump" coverage="100%" />
                  </conditions>
                </line>
                <line number="209" hits="7" branch="False" />
                <line number="210" hits="7" branch="False" />
                <line number="212" hits="7" branch="False" />
                <line number="214" hits="7" branch="True" condition-coverage="100% (2/2)">
                  <conditions>
                    <condition number="310" type="jump" coverage="100%" />
                  </conditions>
                </line>
                <line number="216" hits="2" branch="False" />
                <line number="217" hits="2" branch="True" condition-coverage="50% (1/2)">
                  <conditions>
                    <condition number="477" type="jump" coverage="50%" />
                  </conditions>
                </line>
                <line number="218" hits="2" branch="False" />
                <line number="219" hits="2" branch="False" />
                <line number="220" hits="2" branch="False" />
                <line number="221" hits="2" branch="False" />
                <line number="222" hits="2" branch="False" />
                <line number="225" hits="5" branch="False" />
                <line number="226" hits="5" branch="False" />
                <line number="228" hits="5" branch="True" condition-coverage="100% (2/2)">
                  <conditions>
                    <condition number="693" type="jump" coverage="100%" />
                  </conditions>
                </line>
                <line number="229" hits="4" branch="False" />
              </lines>
            </method>
          </methods>
          <lines>
            <line number="203" hits="7" branch="False" />
            <line number="205" hits="7" branch="False" />
            <line number="206" hits="7" branch="False" />
            <line number="208" hits="7" branch="True" condition-coverage="100% (2/2)">
              <conditions>
                <condition number="116" type="jump" coverage="100%" />
              </conditions>
            </line>
            <line number="209" hits="7" branch="False" />
            <line number="210" hits="7" branch="False" />
            <line number="212" hits="7" branch="False" />
            <line number="214" hits="7" branch="True" condition-coverage="100% (2/2)">
              <conditions>
                <condition number="310" type="jump" coverage="100%" />
              </conditions>
            </line>
            <line number="216" hits="2" branch="False" />
            <line number="217" hits="2" branch="True" condition-coverage="50% (1/2)">
              <conditions>
                <condition number="477" type="jump" coverage="50%" />
              </conditions>
            </line>
            <line number="218" hits="2" branch="False" />
            <line number="219" hits="2" branch="False" />
            <line number="220" hits="2" branch="False" />
            <line number="221" hits="2" branch="False" />
            <line number="222" hits="2" branch="False" />
            <line number="225" hits="5" branch="False" />
            <line number="226" hits="5" branch="False" />
            <line number="228" hits="5" branch="True" condition-coverage="100% (2/2)">
              <conditions>
                <condition number="693" type="jump" coverage="100%" />
              </conditions>
            </line>
            <line number="229" hits="4" branch="False" />
          </lines>
        </class>
        <class name="Hpoll.Core.Services.HueApiClient/&lt;RefreshTokenAsync&gt;d__14" filename="Hpoll.Core/Services/HueApiClient.cs" line-rate="1" branch-rate="1" complexity="1">
          <methods>
            <method name="MoveNext" signature="()" line-rate="1" branch-rate="1" complexity="1">
              <lines>
                <line number="72" hits="5" branch="False" />
                <line number="73" hits="5" branch="False" />
                <line number="74" hits="5" branch="False" />
                <line number="75" hits="5" branch="False" />
                <line number="76" hits="5" branch="False" />
                <line number="77" hits="3" branch="False" />
              </lines>
            </method>
          </methods>
          <lines>
            <line number="72" hits="5" branch="False" />
            <line number="73" hits="5" branch="False" />
            <line number="74" hits="5" branch="False" />
            <line number="75" hits="5" branch="False" />
            <line number="76" hits="5" branch="False" />
            <line number="77" hits="3" branch="False" />
          </lines>
        </class>
        <class name="Hpoll.Core.Services.HueApiClient/&lt;RegisterApplicationAsync&gt;d__17" filename="Hpoll.Core/Services/HueApiClient.cs" line-rate="1" branch-rate="0.9285" complexity="14">
          <methods>
            <method name="MoveNext" signature="()" line-rate="1" branch-rate="0.9285" complexity="14">
              <lines>
                <line number="114" hits="5" branch="False" />
                <line number="116" hits="5" branch="False" />
                <line number="117" hits="5" branch="False" />
                <line number="118" hits="5" branch="False" />
                <line number="119" hits="5" branch="False" />
                <line number="120" hits="5" branch="False" />
                <line number="122" hits="5" branch="False" />
                <line number="124" hits="5" branch="False" />
                <line number="126" hits="5" branch="True" condition-coverage="100% (2/2)">
                  <conditions>
                    <condition number="389" type="jump" coverage="100%" />
                  </conditions>
                </line>
                <line number="128" hits="1" branch="True" condition-coverage="50% (1/2)">
                  <conditions>
                    <condition number="444" type="jump" coverage="50%" />
                  </conditions>
                </line>
                <line number="129" hits="1" branch="False" />
                <line number="130" hits="1" branch="False" />
                <line number="131" hits="1" branch="False" />
                <line number="132" hits="1" branch="False" />
                <line number="136" hits="4" branch="False" />
                <line number="137" hits="4" branch="False" />
                <line number="138" hits="4" branch="True" condition-coverage="100% (4/4)">
                  <conditions>
                    <condition number="575" type="jump" coverage="100%" />
                    <condition number="585" type="jump" coverage="100%" />
                  </conditions>
                </line>
                <line number="140" hits="3" branch="False" />
                <line number="141" hits="3" branch="True" condition-coverage="100% (4/4)">
                  <conditions>
                    <condition number="611" type="jump" coverage="100%" />
                    <condition number="627" type="jump" coverage="100%" />
                  </conditions>
                </line>
                <line number="142" hits="3" branch="False" />
                <line number="144" hits="2" branch="True" condition-coverage="100% (2/2)">
                  <conditions>
                    <condition number="637" type="jump" coverage="100%" />
                  </conditions>
                </line>
                <line number="145" hits="2" branch="False" />
                <line number="149" hits="2" branch="False" />
                <line number="150" hits="1" branch="False" />
              </lines>
            </method>
          </methods>
          <lines>
            <line number="114" hits="5" branch="False" />
            <line number="116" hits="5" branch="False" />
            <line number="117" hits="5" branch="False" />
            <line number="118" hits="5" branch="False" />
            <line number="119" hits="5" branch="False" />
            <line number="120" hits="5" branch="False" />
            <line number="122" hits="5" branch="False" />
            <line number="124" hits="5" branch="False" />
            <line number="126" hits="5" branch="True" condition-coverage="100% (2/2)">
              <conditions>
                <condition number="389" type="jump" coverage="100%" />
              </conditions>
            </line>
            <line number="128" hits="1" branch="True" condition-coverage="50% (1/2)">
              <conditions>
                <condition number="444" type="jump" coverage="50%" />
              </conditions>
            </line>
            <line number="129" hits="1" branch="False" />
            <line number="130" hits="1" branch="False" />
            <line number="131" hits="1" branch="False" />
            <line number="132" hits="1" branch="False" />
            <line number="136" hits="4" branch="False" />
            <line number="137" hits="4" branch="False" />
            <line number="138" hits="4" branch="True" condition-coverage="100% (4/4)">
              <conditions>
                <condition number="575" type="jump" coverage="100%" />
                <condition number="585" type="jump" coverage="100%" />
              </conditions>
            </line>
            <line number="140" hits="3" branch="False" />
            <line number="141" hits="3" branch="True" condition-coverage="100% (4/4)">
              <conditions>
                <condition number="611" type="jump" coverage="100%" />
                <condition number="627" type="jump" coverage="100%" />
              </conditions>
            </line>
            <line number="142" hits="3" branch="False" />
            <line number="144" hits="2" branch="True" condition-coverage="100% (2/2)">
              <conditions>
                <condition number="637" type="jump" coverage="100%" />
              </conditions>
            </line>
            <line number="145" hits="2" branch="False" />
            <line number="149" hits="2" branch="False" />
            <line number="150" hits="1" branch="False" />
          </lines>
        </class>
        <class name="Hpoll.Core.Services.SendTimeHelper" filename="Hpoll.Core/Services/SendTimeHelper.cs" line-rate="1" branch-rate="0.9411" complexity="34">
          <methods>
            <method name="ComputeNextSendTimeUtc" signature="(System.String,System.String,System.DateTime,System.Collections.Generic.List`1&lt;System.String&gt;)" line-rate="1" branch-rate="1" complexity="6">
              <lines>
                <line number="19" hits="18" branch="True" condition-coverage="100% (2/2)">
                  <conditions>
                    <condition number="6" type="jump" coverage="100%" />
                  </conditions>
                </line>
                <line number="21" hits="11" branch="False" />
                <line number="25" hits="7" branch="True" condition-coverage="100% (4/4)">
                  <conditions>
                    <condition number="18" type="jump" coverage="100%" />
                    <condition number="27" type="jump" coverage="100%" />
                  </conditions>
                </line>
                <line number="27" hits="5" branch="False" />
                <line number="31" hits="2" branch="False" />
              </lines>
            </method>
            <method name="ComputeFromLocalTimes" signature="(System.String,System.String,System.DateTime)" line-rate="1" branch-rate="1" complexity="6">
              <lines>
                <line number="42" hits="11" branch="False" />
                <line number="43" hits="10" branch="False" />
                <line number="44" hits="1" branch="False" />
                <line number="46" hits="1" branch="False" />
                <line number="49" hits="10" branch="False" />
                <line number="50" hits="10" branch="True" condition-coverage="100% (2/2)">
                  <conditions>
                    <condition number="38" type="jump" coverage="100%" />
                  </conditions>
                </line>
                <line number="51" hits="1" branch="False" />
                <line number="53" hits="9" branch="False" />
                <line number="55" hits="9" branch="False" />
                <line number="58" hits="38" branch="True" condition-coverage="100% (2/2)">
                  <conditions>
                    <condition number="137" type="jump" coverage="100%" />
                  </conditions>
                </line>
                <line number="60" hits="13" branch="False" />
                <line number="61" hits="13" branch="False" />
                <line number="62" hits="13" branch="True" condition-coverage="100% (2/2)">
                  <conditions>
                    <condition number="118" type="jump" coverage="100%" />
                  </conditions>
                </line>
                <line number="63" hits="6" branch="False" />
                <line number="67" hits="3" branch="False" />
                <line number="68" hits="3" branch="False" />
                <line number="69" hits="7" branch="False" />
              </lines>
            </method>
            <method name="ComputeFromUtcTimes" signature="(System.Collections.Generic.List`1&lt;System.String&gt;,System.DateTime)" line-rate="1" branch-rate="1" complexity="10">
              <lines>
                <line number="76" hits="7" branch="False" />
                <line number="77" hits="42" branch="True" condition-coverage="100% (2/2)">
                  <conditions>
                    <condition number="45" type="jump" coverage="100%" />
                  </conditions>
                </line>
                <line number="79" hits="14" branch="True" condition-coverage="100% (2/2)">
                  <conditions>
                    <condition number="29" type="jump" coverage="100%" />
                  </conditions>
                </line>
                <line number="80" hits="12" branch="False" />
                <line number="83" hits="7" branch="True" condition-coverage="100% (2/2)">
                  <conditions>
                    <condition number="69" type="jump" coverage="100%" />
                  </conditions>
                </line>
                <line number="84" hits="1" branch="False" />
                <line number="86" hits="6" branch="False" />
                <line number="88" hits="26" branch="True" condition-coverage="100% (2/2)">
                  <conditions>
                    <condition number="153" type="jump" coverage="100%" />
                  </conditions>
                </line>
                <line number="90" hits="9" branch="False" />
                <line number="91" hits="9" branch="True" condition-coverage="100% (2/2)">
                  <conditions>
                    <condition number="134" type="jump" coverage="100%" />
                  </conditions>
                </line>
                <line number="92" hits="4" branch="False" />
                <line number="95" hits="2" branch="False" />
                <line number="96" hits="4" branch="False" />
              </lines>
            </method>
            <method name="ParseTimeSpans" signature="(System.String)" line-rate="1" branch-rate="1" complexity="6">
              <lines>
                <line number="103" hits="16" branch="False" />
                <line number="104" hits="18" branch="True" condition-coverage="100% (2/2)">
                  <conditions>
                    <condition number="12" type="jump" coverage="100%" />
                  </conditions>
                </line>
                <line number="106" hits="82" branch="True" condition-coverage="100% (2/2)">
                  <conditions>
                    <condition number="57" type="jump" coverage="100%" />
                  </conditions>
                </line>
                <line number="108" hits="27" branch="True" condition-coverage="100% (2/2)">
                  <conditions>
                    <condition number="40" type="jump" coverage="100%" />
                  </conditions>
                </line>
                <line number="109" hits="24" branch="False" />
                <line number="111" hits="14" branch="False" />
              </lines>
            </method>
            <method name="SafeConvertToUtc" signature="(System.DateTime,System.TimeZoneInfo)" line-rate="1" branch-rate="0.6666" complexity="6">
              <lines>
                <line number="119" hits="16" branch="True" condition-coverage="100% (2/2)">
                  <conditions>
                    <condition number="25" type="jump" coverage="100%" />
                  </conditions>
                </line>
                <line number="122" hits="1" branch="False" />
                <line number="123" hits="113" branch="True" condition-coverage="50% (1/2)">
                  <conditions>
                    <condition number="17" type="jump" coverage="50%" />
                  </conditions>
                </line>
                <line number="124" hits="1" branch="True" condition-coverage="50% (1/2)">
                  <conditions>
                    <condition number="51" type="jump" coverage="50%" />
                  </conditions>
                </line>
                <line number="125" hits="1" branch="False" />
                <line number="128" hits="16" branch="False" />
                <line number="129" hits="16" branch="False" />
              </lines>
            </method>
          </methods>
          <lines>
            <line number="19" hits="18" branch="True" condition-coverage="100% (2/2)">
              <conditions>
                <condition number="6" type="jump" coverage="100%" />
              </conditions>
            </line>
            <line number="21" hits="11" branch="False" />
            <line number="25" hits="7" branch="True" condition-coverage="100% (4/4)">
              <conditions>
                <condition number="18" type="jump" coverage="100%" />
                <condition number="27" type="jump" coverage="100%" />
              </conditions>
            </line>
            <line number="27" hits="5" branch="False" />
            <line number="31" hits="2" branch="False" />
            <line number="42" hits="11" branch="False" />
            <line number="43" hits="10" branch="False" />
            <line number="44" hits="1" branch="False" />
            <line number="46" hits="1" branch="False" />
            <line number="49" hits="10" branch="False" />
            <line number="50" hits="10" branch="True" condition-coverage="100% (2/2)">
              <conditions>
                <condition number="38" type="jump" coverage="100%" />
              </conditions>
            </line>
            <line number="51" hits="1" branch="False" />
            <line number="53" hits="9" branch="False" />
            <line number="55" hits="9" branch="False" />
            <line number="58" hits="38" branch="True" condition-coverage="100% (2/2)">
              <conditions>
                <condition number="137" type="jump" coverage="100%" />
              </conditions>
            </line>
            <line number="60" hits="13" branch="False" />
            <line number="61" hits="13" branch="False" />
            <line number="62" hits="13" branch="True" condition-coverage="100% (2/2)">
              <conditions>
                <condition number="118" type="jump" coverage="100%" />
              </conditions>
            </line>
            <line number="63" hits="6" branch="False" />
            <line number="67" hits="3" branch="False" />
            <line number="68" hits="3" branch="False" />
            <line number="69" hits="7" branch="False" />
            <line number="76" hits="7" branch="False" />
            <line number="77" hits="42" branch="True" condition-coverage="100% (2/2)">
              <conditions>
                <condition number="45" type="jump" coverage="100%" />
              </conditions>
            </line>
            <line number="79" hits="14" branch="True" condition-coverage="100% (2/2)">
              <conditions>
                <condition number="29" type="jump" coverage="100%" />
              </conditions>
            </line>
            <line number="80" hits="12" branch="False" />
            <line number="83" hits="7" branch="True" condition-coverage="100% (2/2)">
              <conditions>
                <condition number="69" type="jump" coverage="100%" />
              </conditions>
            </line>
            <line number="84" hits="1" branch="False" />
            <line number="86" hits="6" branch="False" />
            <line number="88" hits="26" branch="True" condition-coverage="100% (2/2)">
              <conditions>
                <condition number="153" type="jump" coverage="100%" />
              </conditions>
            </line>
            <line number="90" hits="9" branch="False" />
            <line number="91" hits="9" branch="True" condition-coverage="100% (2/2)">
              <conditions>
                <condition number="134" type="jump" coverage="100%" />
              </conditions>
            </line>
            <line number="92" hits="4" branch="False" />
            <line number="95" hits="2" branch="False" />
            <line number="96" hits="4" branch="False" />
            <line number="103" hits="16" branch="False" />
            <line number="104" hits="18" branch="True" condition-coverage="100% (2/2)">
              <conditions>
                <condition number="12" type="jump" coverage="100%" />
              </conditions>
            </line>
            <line number="106" hits="82" branch="True" condition-coverage="100% (2/2)">
              <conditions>
                <condition number="57" type="jump" coverage="100%" />
              </conditions>
            </line>
            <line number="108" hits="27" branch="True" condition-coverage="100% (2/2)">
              <conditions>
                <condition number="40" type="jump" coverage="100%" />
              </conditions>
            </line>
            <line number="109" hits="24" branch="False" />
            <line number="111" hits="14" branch="False" />
            <line number="119" hits="16" branch="True" condition-coverage="100% (2/2)">
              <conditions>
                <condition number="25" type="jump" coverage="100%" />
              </conditions>
            </line>
            <line number="122" hits="1" branch="False" />
            <line number="123" hits="113" branch="True" condition-coverage="50% (1/2)">
              <conditions>
                <condition number="17" type="jump" coverage="50%" />
              </conditions>
            </line>
            <line number="124" hits="1" branch="True" condition-coverage="50% (1/2)">
              <conditions>
                <condition number="51" type="jump" coverage="50%" />
              </conditions>
            </line>
            <line number="125" hits="1" branch="False" />
            <line number="128" hits="16" branch="False" />
            <line number="129" hits="16" branch="False" />
          </lines>
        </class>
        <class name="Hpoll.Core.Models.HueResponse`1" filename="Hpoll.Core/Models/HueApiModels.cs" line-rate="1" branch-rate="1" complexity="2">
          <methods>
            <method name="get_Errors" signature="()" line-rate="1" branch-rate="1" complexity="1">
              <lines>
                <line number="11" hits="87" branch="False" />
              </lines>
            </method>
            <method name="get_Data" signature="()" line-rate="1" branch-rate="1" complexity="1">
              <lines>
                <line number="14" hits="101" branch="False" />
              </lines>
            </method>
          </methods>
          <lines>
            <line number="11" hits="87" branch="False" />
            <line number="14" hits="101" branch="False" />
          </lines>
        </class>
        <class name="Hpoll.Core.Models.HueError" filename="Hpoll.Core/Models/HueApiModels.cs" line-rate="1" branch-rate="1" complexity="1">
          <methods>
            <method name="get_Description" signature="()" line-rate="1" branch-rate="1" complexity="1">
              <lines>
                <line number="20" hits="15" branch="False" />
              </lines>
            </method>
          </methods>
          <lines>
            <line number="20" hits="15" branch="False" />
          </lines>
        </class>
        <class name="Hpoll.Core.Models.HueResourceRef" filename="Hpoll.Core/Models/HueApiModels.cs" line-rate="1" branch-rate="1" complexity="2">
          <methods>
            <method name="get_Rid" signature="()" line-rate="1" branch-rate="1" complexity="1">
              <lines>
                <line number="32" hits="45" branch="False" />
              </lines>
            </method>
            <method name="get_Rtype" signature="()" line-rate="1" branch-rate="1" complexity="1">
              <lines>
                <line number="35" hits="44" branch="False" />
              </lines>
            </method>
          </methods>
          <lines>
            <line number="32" hits="45" branch="False" />
            <line number="35" hits="44" branch="False" />
          </lines>
        </class>
        <class name="Hpoll.Core.Models.HueMotionResource" filename="Hpoll.Core/Models/HueApiModels.cs" line-rate="1" branch-rate="1" complexity="5">
          <methods>
            <method name="get_Id" signature="()" line-rate="1" branch-rate="1" complexity="1">
              <lines>
                <line number="44" hits="8" branch="False" />
              </lines>
            </method>
            <method name="get_Type" signature="()" line-rate="1" branch-rate="1" complexity="1">
              <lines>
                <line number="47" hits="7" branch="False" />
              </lines>
            </method>
            <method name="get_Owner" signature="()" line-rate="1" branch-rate="1" complexity="1">
              <lines>
                <line number="51" hits="8" branch="False" />
              </lines>
            </method>
            <method name="get_Enabled" signature="()" line-rate="1" branch-rate="1" complexity="1">
              <lines>
                <line number="54" hits="4" branch="False" />
              </lines>
            </method>
            <method name="get_Motion" signature="()" line-rate="1" branch-rate="1" complexity="1">
              <lines>
                <line number="57" hits="11" branch="False" />
              </lines>
            </method>
          </methods>
          <lines>
            <line number="44" hits="8" branch="False" />
            <line number="47" hits="7" branch="False" />
            <line number="51" hits="8" branch="False" />
            <line number="54" hits="4" branch="False" />
            <line number="57" hits="11" branch="False" />
          </lines>
        </class>
        <class name="Hpoll.Core.Models.HueMotionData" filename="Hpoll.Core/Models/HueApiModels.cs" line-rate="1" branch-rate="1" complexity="1">
          <methods>
            <method name="get_MotionReport" signature="()" line-rate="1" branch-rate="1" complexity="1">
              <lines>
                <line number="63" hits="7" branch="False" />
              </lines>
            </method>
          </methods>
          <lines>
            <line number="63" hits="7" branch="False" />
          </lines>
        </class>
        <class name="Hpoll.Core.Models.HueMotionReport" filename="Hpoll.Core/Models/HueApiModels.cs" line-rate="1" branch-rate="1" complexity="2">
          <methods>
            <method name="get_Motion" signature="()" line-rate="1" branch-rate="1" complexity="1">
              <lines>
                <line number="75" hits="4" branch="False" />
              </lines>
            </method>
            <method name="get_Changed" signature="()" line-rate="1" branch-rate="1" complexity="1">
              <lines>
                <line number="78" hits="3" branch="False" />
              </lines>
            </method>
          </methods>
          <lines>
            <line number="75" hits="4" branch="False" />
            <line number="78" hits="3" branch="False" />
          </lines>
        </class>
        <class name="Hpoll.Core.Models.HueTemperatureResource" filename="Hpoll.Core/Models/HueApiModels.cs" line-rate="1" branch-rate="1" complexity="5">
          <methods>
            <method name="get_Id" signature="()" line-rate="1" branch-rate="1" complexity="1">
              <lines>
                <line number="87" hits="7" branch="False" />
              </lines>
            </method>
            <method name="get_Type" signature="()" line-rate="1" branch-rate="1" complexity="1">
              <lines>
                <line number="90" hits="7" branch="False" />
              </lines>
            </method>
            <method name="get_Owner" signature="()" line-rate="1" branch-rate="1" complexity="1">
              <lines>
                <line number="94" hits="8" branch="False" />
              </lines>
            </method>
            <method name="get_Enabled" signature="()" line-rate="1" branch-rate="1" complexity="1">
              <lines>
                <line number="97" hits="4" branch="False" />
              </lines>
            </method>
            <method name="get_Temperature" signature="()" line-rate="1" branch-rate="1" complexity="1">
              <lines>
                <line number="100" hits="11" branch="False" />
              </lines>
            </method>
          </methods>
          <lines>
            <line number="87" hits="7" branch="False" />
            <line number="90" hits="7" branch="False" />
            <line number="94" hits="8" branch="False" />
            <line number="97" hits="4" branch="False" />
            <line number="100" hits="11" branch="False" />
          </lines>
        </class>
        <class name="Hpoll.Core.Models.HueTemperatureData" filename="Hpoll.Core/Models/HueApiModels.cs" line-rate="1" branch-rate="1" complexity="1">
          <methods>
            <method name="get_TemperatureReport" signature="()" line-rate="1" branch-rate="1" complexity="1">
              <lines>
                <line number="106" hits="8" branch="False" />
              </lines>
            </method>
          </methods>
          <lines>
            <line number="106" hits="8" branch="False" />
          </lines>
        </class>
        <class name="Hpoll.Core.Models.HueTemperatureReport" filename="Hpoll.Core/Models/HueApiModels.cs" line-rate="1" branch-rate="1" complexity="2">
          <methods>
            <method name="get_Temperature" signature="()" line-rate="1" branch-rate="1" complexity="1">
              <lines>
                <line number="116" hits="6" branch="False" />
              </lines>
            </method>
            <method name="get_Changed" signature="()" line-rate="1" branch-rate="1" complexity="1">
              <lines>
                <line number="119" hits="4" branch="False" />
              </lines>
            </method>
          </methods>
          <lines>
            <line number="116" hits="6" branch="False" />
            <line number="119" hits="4" branch="False" />
          </lines>
        </class>
        <class name="Hpoll.Core.Models.HueDeviceResource" filename="Hpoll.Core/Models/HueApiModels.cs" line-rate="1" branch-rate="1" complexity="5">
          <methods>
            <method name="get_Id" signature="()" line-rate="1" branch-rate="1" complexity="1">
              <lines>
                <line number="125" hits="7" branch="False" />
              </lines>
            </method>
            <method name="get_Type" signature="()" line-rate="1" branch-rate="1" complexity="1">
              <lines>
                <line number="128" hits="7" branch="False" />
              </lines>
            </method>
            <method name="get_Metadata" signature="()" line-rate="1" branch-rate="1" complexity="1">
              <lines>
                <line number="131" hits="10" branch="False" />
              </lines>
            </method>
            <method name="get_ProductData" signature="()" line-rate="1" branch-rate="1" complexity="1">
              <lines>
                <line number="134" hits="9" branch="False" />
              </lines>
            </method>
            <method name="get_Services" signature="()" line-rate="1" branch-rate="1" complexity="1">
              <lines>
                <line number="138" hits="9" branch="False" />
              </lines>
            </method>
          </methods>
          <lines>
            <line number="125" hits="7" branch="False" />
            <line number="128" hits="7" branch="False" />
            <line number="131" hits="10" branch="False" />
            <line number="134" hits="9" branch="False" />
            <line number="138" hits="9" branch="False" />
          </lines>
        </class>
        <class name="Hpoll.Core.Models.HueDeviceMetadata" filename="Hpoll.Core/Models/HueApiModels.cs" line-rate="1" branch-rate="1" complexity="2">
          <methods>
            <method name="get_Name" signature="()" line-rate="1" branch-rate="1" complexity="1">
              <lines>
                <line number="144" hits="12" branch="False" />
              </lines>
            </method>
            <method name="get_Archetype" signature="()" line-rate="1" branch-rate="1" complexity="1">
              <lines>
                <line number="147" hits="10" branch="False" />
              </lines>
            </method>
          </methods>
          <lines>
            <line number="144" hits="12" branch="False" />
            <line number="147" hits="10" branch="False" />
          </lines>
        </class>
        <class name="Hpoll.Core.Models.HueProductData" filename="Hpoll.Core/Models/HueApiModels.cs" line-rate="1" branch-rate="1" complexity="3">
          <methods>
            <method name="get_ModelId" signature="()" line-rate="1" branch-rate="1" complexity="1">
              <lines>
                <line number="153" hits="10" branch="False" />
              </lines>
            </method>
            <method name="get_ProductName" signature="()" line-rate="1" branch-rate="1" complexity="1">
              <lines>
                <line number="156" hits="10" branch="False" />
              </lines>
            </method>
            <method name="get_SoftwareVersion" signature="()" line-rate="1" branch-rate="1" complexity="1">
              <lines>
                <line number="159" hits="10" branch="False" />
              </lines>
            </method>
          </methods>
          <lines>
            <line number="153" hits="10" branch="False" />
            <line number="156" hits="10" branch="False" />
            <line number="159" hits="10" branch="False" />
          </lines>
        </class>
        <class name="Hpoll.Core.Models.HueDevicePowerResource" filename="Hpoll.Core/Models/HueApiModels.cs" line-rate="1" branch-rate="1" complexity="4">
          <methods>
            <method name="get_Id" signature="()" line-rate="1" branch-rate="1" complexity="1">
              <lines>
                <line number="169" hits="8" branch="False" />
              </lines>
            </method>
            <method name="get_Type" signature="()" line-rate="1" branch-rate="1" complexity="1">
              <lines>
                <line number="172" hits="7" branch="False" />
              </lines>
            </method>
            <method name="get_Owner" signature="()" line-rate="1" branch-rate="1" complexity="1">
              <lines>
                <line number="176" hits="8" branch="False" />
              </lines>
            </method>
            <method name="get_PowerState" signature="()" line-rate="1" branch-rate="1" complexity="1">
              <lines>
                <line number="179" hits="12" branch="False" />
              </lines>
            </method>
          </methods>
          <lines>
            <line number="169" hits="8" branch="False" />
            <line number="172" hits="7" branch="False" />
            <line number="176" hits="8" branch="False" />
            <line number="179" hits="12" branch="False" />
          </lines>
        </class>
        <class name="Hpoll.Core.Models.HuePowerState" filename="Hpoll.Core/Models/HueApiModels.cs" line-rate="1" branch-rate="1" complexity="2">
          <methods>
            <method name="get_BatteryState" signature="()" line-rate="1" branch-rate="1" complexity="1">
              <lines>
                <line number="186" hits="5" branch="False" />
              </lines>
            </method>
            <method name="get_BatteryLevel" signature="()" line-rate="1" branch-rate="1" complexity="1">
              <lines>
                <line number="190" hits="5" branch="False" />
              </lines>
            </method>
          </methods>
          <lines>
            <line number="186" hits="5" branch="False" />
            <line number="190" hits="5" branch="False" />
          </lines>
        </class>
        <class name="Hpoll.Core.Models.HueBridgeResource" filename="Hpoll.Core/Models/HueApiModels.cs" line-rate="1" branch-rate="1" complexity="2">
          <methods>
            <method name="get_Id" signature="()" line-rate="1" branch-rate="1" complexity="1">
              <lines>
                <line number="196" hits="2" branch="False" />
              </lines>
            </method>
            <method name="get_BridgeId" signature="()" line-rate="1" branch-rate="1" complexity="1">
              <lines>
                <line number="200" hits="3" branch="False" />
              </lines>
            </method>
          </methods>
          <lines>
            <line number="196" hits="2" branch="False" />
            <line number="200" hits="3" branch="False" />
          </lines>
        </class>
        <class name="Hpoll.Core.Models.HueZigbeeConnectivityResource" filename="Hpoll.Core/Models/HueApiModels.cs" line-rate="1" branch-rate="1" complexity="5">
          <methods>
            <method name="get_Id" signature="()" line-rate="1" branch-rate="1" complexity="1">
              <lines>
                <line number="210" hits="3" branch="False" />
              </lines>
            </method>
            <method name="get_Type" signature="()" line-rate="1" branch-rate="1" complexity="1">
              <lines>
                <line number="213" hits="2" branch="False" />
              </lines>
            </method>
            <method name="get_Owner" signature="()" line-rate="1" branch-rate="1" complexity="1">
              <lines>
                <line number="217" hits="3" branch="False" />
              </lines>
            </method>
            <method name="get_Status" signature="()" line-rate="1" branch-rate="1" complexity="1">
              <lines>
                <line number="221" hits="3" branch="False" />
              </lines>
            </method>
            <method name="get_MacAddress" signature="()" line-rate="1" branch-rate="1" complexity="1">
              <lines>
                <line number="224" hits="3" branch="False" />
              </lines>
            </method>
          </methods>
          <lines>
            <line number="210" hits="3" branch="False" />
            <line number="213" hits="2" branch="False" />
            <line number="217" hits="3" branch="False" />
            <line number="221" hits="3" branch="False" />
            <line number="224" hits="3" branch="False" />
          </lines>
        </class>
        <class name="Hpoll.Core.Models.HueTokenResponse" filename="Hpoll.Core/Models/HueTokenResponse.cs" line-rate="1" branch-rate="1" complexity="4">
          <methods>
            <method name="get_AccessToken" signature="()" line-rate="1" branch-rate="1" complexity="1">
              <lines>
                <line number="8" hits="37" branch="False" />
              </lines>
            </method>
            <method name="get_RefreshToken" signature="()" line-rate="1" branch-rate="1" complexity="1">
              <lines>
                <line number="11" hits="41" branch="False" />
              </lines>
            </method>
            <method name="get_TokenType" signature="()" line-rate="1" branch-rate="1" complexity="1">
              <lines>
                <line number="14" hits="24" branch="False" />
              </lines>
            </method>
            <method name="get_ExpiresIn" signature="()" line-rate="1" branch-rate="1" complexity="1">
              <lines>
                <line number="17" hits="24" branch="False" />
              </lines>
            </method>
          </methods>
          <lines>
            <line number="8" hits="37" branch="False" />
            <line number="11" hits="41" branch="False" />
            <line number="14" hits="24" branch="False" />
            <line number="17" hits="24" branch="False" />
          </lines>
        </class>
        <class name="Hpoll.Core.Interfaces.SystemInfoServiceExtensions/&lt;TrySetBatchAsync&gt;d__0" filename="Hpoll.Core/Interfaces/SystemInfoServiceExtensions.cs" line-rate="0.75" branch-rate="1" complexity="1">
          <methods>
            <method name="MoveNext" signature="()" line-rate="0.75" branch-rate="1" complexity="1">
              <lines>
                <line number="16" hits="4" branch="False" />
                <line number="17" hits="2" branch="False" />
                <line number="18" hits="0" branch="False" />
                <line number="20" hits="0" branch="False" />
                <line number="22" hits="2" branch="False" />
                <line number="24" hits="2" branch="False" />
                <line number="25" hits="2" branch="False" />
                <line number="26" hits="4" branch="False" />
              </lines>
            </method>
          </methods>
          <lines>
            <line number="16" hits="4" branch="False" />
            <line number="17" hits="2" branch="False" />
            <line number="18" hits="0" branch="False" />
            <line number="20" hits="0" branch="False" />
            <line number="22" hits="2" branch="False" />
            <line number="24" hits="2" branch="False" />
            <line number="25" hits="2" branch="False" />
            <line number="26" hits="4" branch="False" />
          </lines>
        </class>
        <class name="Hpoll.Core.Exceptions.EmailAddressRejectionException" filename="Hpoll.Core/Exceptions/EmailAddressRejectionException.cs" line-rate="1" branch-rate="1" complexity="1">
          <methods>
            <method name=".ctor" signature="(System.String,System.Exception)" line-rate="1" branch-rate="1" complexity="1">
              <lines>
                <line number="13" hits="4" branch="False" />
              </lines>
            </method>
          </methods>
          <lines>
            <line number="13" hits="4" branch="False" />
          </lines>
        </class>
        <class name="Hpoll.Core.Configuration.PollingSettings" filename="Hpoll.Core/Configuration/CustomerConfig.cs" line-rate="1" branch-rate="1" complexity="7">
          <methods>
            <method name="get_IntervalMinutes" signature="()" line-rate="1" branch-rate="1" complexity="1">
              <lines>
                <line number="9" hits="4" branch="False" />
              </lines>
            </method>
            <method name="get_BatteryPollIntervalHours" signature="()" line-rate="1" branch-rate="1" complexity="1">
              <lines>
                <line number="12" hits="3" branch="False" />
              </lines>
            </method>
            <method name="get_DataRetentionHours" signature="()" line-rate="1" branch-rate="1" complexity="1">
              <lines>
                <line number="15" hits="5" branch="False" />
              </lines>
            </method>
            <method name="get_HttpTimeoutSeconds" signature="()" line-rate="1" branch-rate="1" complexity="1">
              <lines>
                <line number="18" hits="3" branch="False" />
              </lines>
            </method>
            <method name="get_TokenRefreshCheckHours" signature="()" line-rate="1" branch-rate="1" complexity="1">
              <lines>
                <line number="21" hits="2" branch="False" />
              </lines>
            </method>
            <method name="get_TokenRefreshThresholdHours" signature="()" line-rate="1" branch-rate="1" complexity="1">
              <lines>
                <line number="24" hits="2" branch="False" />
              </lines>
            </method>
            <method name="get_TokenRefreshMaxRetries" signature="()" line-rate="1" branch-rate="1" complexity="1">
              <lines>
                <line number="27" hits="3" branch="False" />
              </lines>
            </method>
          </methods>
          <lines>
            <line number="9" hits="4" branch="False" />
            <line number="12" hits="3" branch="False" />
            <line number="15" hits="5" branch="False" />
            <line number="18" hits="3" branch="False" />
            <line number="21" hits="2" branch="False" />
            <line number="24" hits="2" branch="False" />
            <line number="27" hits="3" branch="False" />
          </lines>
        </class>
        <class name="Hpoll.Core.Configuration.EmailSettings" filename="Hpoll.Core/Configuration/CustomerConfig.cs" line-rate="1" branch-rate="1" complexity="10">
          <methods>
            <method name="get_SendTimesUtc" signature="()" line-rate="1" branch-rate="1" complexity="1">
              <lines>
                <line number="36" hits="89" branch="False" />
              </lines>
            </method>
            <method name="get_FromAddress" signature="()" line-rate="1" branch-rate="1" complexity="1">
              <lines>
                <line number="39" hits="108" branch="False" />
              </lines>
            </method>
            <method name="get_AwsRegion" signature="()" line-rate="1" branch-rate="1" complexity="1">
              <lines>
                <line number="42" hits="98" branch="False" />
              </lines>
            </method>
            <method name="get_BatteryAlertThreshold" signature="()" line-rate="1" branch-rate="1" complexity="1">
              <lines>
                <line number="45" hits="160" branch="False" />
              </lines>
            </method>
            <method name="get_BatteryLevelCritical" signature="()" line-rate="1" branch-rate="1" complexity="1">
              <lines>
                <line number="47" hits="160" branch="False" />
              </lines>
            </method>
            <method name="get_BatteryLevelWarning" signature="()" line-rate="1" branch-rate="1" complexity="1">
              <lines>
                <line number="49" hits="160" branch="False" />
              </lines>
            </method>
            <method name="get_SummaryWindowHours" signature="()" line-rate="1" branch-rate="1" complexity="1">
              <lines>
                <line number="52" hits="159" branch="False" />
              </lines>
            </method>
            <method name="get_SummaryWindowCount" signature="()" line-rate="1" branch-rate="1" complexity="1">
              <lines>
                <line number="55" hits="160" branch="False" />
              </lines>
            </method>
            <method name="get_SummaryWindowOffsetHours" signature="()" line-rate="1" branch-rate="1" complexity="1">
              <lines>
                <line number="58" hits="158" branch="False" />
              </lines>
            </method>
            <method name="get_ErrorRetryDelayMinutes" signature="()" line-rate="1" branch-rate="1" complexity="1">
              <lines>
                <line number="61" hits="88" branch="False" />
              </lines>
            </method>
          </methods>
          <lines>
            <line number="36" hits="89" branch="False" />
            <line number="39" hits="108" branch="False" />
            <line number="42" hits="98" branch="False" />
            <line number="45" hits="160" branch="False" />
            <line number="47" hits="160" branch="False" />
            <line number="49" hits="160" branch="False" />
            <line number="52" hits="159" branch="False" />
            <line number="55" hits="160" branch="False" />
            <line number="58" hits="158" branch="False" />
            <line number="61" hits="88" branch="False" />
          </lines>
        </class>
        <class name="Hpoll.Core.Configuration.HueAppSettings" filename="Hpoll.Core/Configuration/CustomerConfig.cs" line-rate="1" branch-rate="1" complexity="3">
          <methods>
            <method name="get_ClientId" signature="()" line-rate="1" branch-rate="1" complexity="1">
              <lines>
                <line number="70" hits="75" branch="False" />
              </lines>
            </method>
            <method name="get_ClientSecret" signature="()" line-rate="1" branch-rate="1" complexity="1">
              <lines>
                <line number="73" hits="75" branch="False" />
              </lines>
            </method>
            <method name="get_CallbackUrl" signature="()" line-rate="1" branch-rate="1" complexity="1">
              <lines>
                <line number="76" hits="34" branch="False" />
              </lines>
            </method>
          </methods>
          <lines>
            <line number="70" hits="75" branch="False" />
            <line number="73" hits="75" branch="False" />
            <line number="76" hits="34" branch="False" />
          </lines>
        </class>
        <class name="Hpoll.Core.Configuration.BackupSettings" filename="Hpoll.Core/Configuration/CustomerConfig.cs" line-rate="0" branch-rate="1" complexity="3">
          <methods>
            <method name="get_IntervalHours" signature="()" line-rate="0" branch-rate="1" complexity="1">
              <lines>
                <line number="85" hits="0" branch="False" />
              </lines>
            </method>
            <method name="get_RetentionCount" signature="()" line-rate="0" branch-rate="1" complexity="1">
              <lines>
                <line number="88" hits="0" branch="False" />
              </lines>
            </method>
            <method name="get_SubDirectory" signature="()" line-rate="0" branch-rate="1" complexity="1">
              <lines>
                <line number="91" hits="0" branch="False" />
              </lines>
            </method>
          </methods>
          <lines>
            <line number="85" hits="0" branch="False" />
            <line number="88" hits="0" branch="False" />
            <line number="91" hits="0" branch="False" />
          </lines>
        </class>
        <class name="Hpoll.Core.Configuration.AdminSettings" filename="Hpoll.Core/Configuration/CustomerConfig.cs" line-rate="0" branch-rate="1" complexity="1">
          <methods>
            <method name="get_PasswordHash" signature="()" line-rate="0" branch-rate="1" complexity="1">
              <lines>
                <line number="100" hits="0" branch="False" />
              </lines>
            </method>
          </methods>
          <lines>
            <line number="100" hits="0" branch="False" />
          </lines>
        </class>
      </classes>
    </package>
    <package name="Hpoll.Email" line-rate="1" branch-rate="0.9933" complexity="191">
      <classes>
        <class name="Hpoll.Email.EmailRenderer" filename="Hpoll.Email/EmailRenderer.cs" line-rate="1" branch-rate="1" complexity="60">
          <methods>
            <method name="BuildHtml" signature="(System.String,System.DateTime,System.DateTime,System.String,System.Collections.Generic.List`1&lt;Hpoll.Email.EmailRenderer/WindowSummary&gt;,System.Collections.Generic.List`1&lt;Hpoll.Email.EmailRenderer/BatteryStatus&gt;,System.Collections.Generic.List`1&lt;Hpoll.Email.EmailRenderer/UnreachableDevice&gt;,System.Int32,System.Int32,System.Int32,System.Boolean)" line-rate="1" branch-rate="1" complexity="54">
              <lines>
                <line number="279" hits="71" branch="False" />
                <line number="280" hits="71" branch="False" />
                <line number="281" hits="71" branch="False" />
                <line number="282" hits="71" branch="False" />
                <line number="283" hits="71" branch="False" />
                <line number="286" hits="71" branch="False" />
                <line number="287" hits="71" branch="False" />
                <line number="288" hits="71" branch="True" condition-coverage="100% (2/2)">
                  <conditions>
                    <condition number="98" type="jump" coverage="100%" />
                  </conditions>
                </line>
                <line number="289" hits="65" branch="False" />
                <line number="290" hits="71" branch="False" />
                <line number="291" hits="71" branch="False" />
                <line number="294" hits="71" branch="False" />
                <line number="295" hits="71" branch="False" />
                <line number="296" hits="71" branch="False" />
                <line number="299" hits="71" branch="False" />
                <line number="300" hits="71" branch="False" />
                <line number="301" hits="1084" branch="True" condition-coverage="100% (2/2)">
                  <conditions>
                    <condition number="780" type="jump" coverage="100%" />
                  </conditions>
                </line>
                <line number="305" hits="471" branch="True" condition-coverage="100% (2/2)">
                  <conditions>
                    <condition number="370" type="jump" coverage="100%" />
                  </conditions>
                </line>
                <line number="307" hits="429" branch="False" />
                <line number="308" hits="429" branch="False" />
                <line number="309" hits="429" branch="False" />
                <line number="313" hits="42" branch="False" />
                <line number="314" hits="42" branch="False" />
[...]
              <lines>
                <line number="9" hits="200" branch="False" />
              </lines>
            </method>
            <method name="get_TimeZoneId" signature="()" line-rate="1" branch-rate="1" complexity="1">
              <lines>
                <line number="10" hits="200" branch="False" />
              </lines>
            </method>
            <method name="get_CcEmails" signature="()" line-rate="1" branch-rate="1" complexity="1">
              <lines>
                <line number="11" hits="133" branch="False" />
              </lines>
            </method>
            <method name="get_BccEmails" signature="()" line-rate="1" branch-rate="1" complexity="1">
              <lines>
                <line number="12" hits="133" branch="False" />
              </lines>
            </method>
            <method name="get_SendTimesLocal" signature="()" line-rate="1" branch-rate="1" complexity="1">
              <lines>
                <line number="13" hits="133" branch="False" />
              </lines>
            </method>
            <method name="get_NextSendTimeUtc" signature="()" line-rate="0" branch-rate="1" complexity="1">
              <lines>
                <line number="14" hits="0" branch="False" />
              </lines>
            </method>
            <method name="get_SummaryWindowOffsetHours" signature="()" line-rate="1" branch-rate="1" complexity="1">
              <lines>
                <line number="15" hits="69" branch="False" />
              </lines>
            </method>
            <method name="get_SummaryWindowHours" signature="()" line-rate="1" branch-rate="1" complexity="1">
              <lines>
                <line number="16" hits="69" branch="False" />
              </lines>
            </method>
            <method name="get_SummaryWindowCount" signature="()" line-rate="1" branch-rate="1" complexity="1">
              <lines>
                <line number="17" hits="69" branch="False" />
              </lines>
            </method>
            <method name="get_IncludeLatestLocations" signature="()" line-rate="1" branch-rate="1" complexity="1">
              <lines>
                <line number="18" hits="202" branch="False" />
              </lines>
            </method>
            <method name="get_Status" signature="()" line-rate="1" branch-rate="1" complexity="1">
              <lines>
                <line number="19" hits="133" branch="False" />
              </lines>
            </method>
            <method name="get_CreatedAt" signature="()" line-rate="1" branch-rate="1" complexity="1">
              <lines>
                <line number="20" hits="133" branch="False" />
              </lines>
            </method>
            <method name="get_UpdatedAt" signature="()" line-rate="1" branch-rate="1" complexity="1">
              <lines>
                <line number="21" hits="133" branch="False" />
              </lines>
            </method>
            <method name="get_Hubs" signature="()" line-rate="1" branch-rate="1" complexity="1">
              <lines>
                <line number="22" hits="133" branch="False" />
              </lines>
            </method>
          </methods>
          <lines>
            <line number="7" hits="134" branch="False" />
            <line number="8" hits="200" branch="False" />
            <line number="9" hits="200" branch="False" />
            <line number="10" hits="200" branch="False" />
            <line number="11" hits="133" branch="False" />
            <line number="12" hits="133" branch="False" />
            <line number="13" hits="133" branch="False" />
            <line number="14" hits="0" branch="False" />
            <line number="15" hits="69" branch="False" />
            <line number="16" hits="69" branch="False" />
            <line number="17" hits="69" branch="False" />
            <line number="18" hits="202" branch="False" />
            <line number="19" hits="133" branch="False" />
            <line number="20" hits="133" branch="False" />
            <line number="21" hits="133" branch="False" />
            <line number="22" hits="133" branch="False" />
          </lines>
        </class>
        <class name="Hpoll.Data.Entities.Device" filename="Hpoll.Data/Entities/Device.cs" line-rate="0.9" branch-rate="1" complexity="10">
          <methods>
            <method name="get_Id" signature="()" line-rate="1" branch-rate="1" complexity="1">
              <lines>
                <line number="5" hits="213" branch="False" />
              </lines>
            </method>
            <method name="get_HubId" signature="()" line-rate="1" branch-rate="1" complexity="1">
              <lines>
                <line number="6" hits="103" branch="False" />
              </lines>
            </method>
            <method name="get_Hub" signature="()" line-rate="0" branch-rate="1" complexity="1">
              <lines>
                <line number="7" hits="0" branch="False" />
              </lines>
            </method>
            <method name="get_HueDeviceId" signature="()" line-rate="1" branch-rate="1" complexity="1">
              <lines>
                <line number="8" hits="333" branch="False" />
              </lines>
            </method>
            <method name="get_DeviceType" signature="()" line-rate="1" branch-rate="1" complexity="1">
              <lines>
                <line number="9" hits="333" branch="False" />
              </lines>
            </method>
            <method name="get_Name" signature="()" line-rate="1" branch-rate="1" complexity="1">
              <lines>
                <line number="10" hits="457" branch="False" />
              </lines>
            </method>
            <method name="get_RoomName" signature="()" line-rate="1" branch-rate="1" complexity="1">
              <lines>
                <line number="15" hits="230" branch="False" />
              </lines>
            </method>
            <method name="get_CreatedAt" signature="()" line-rate="1" branch-rate="1" complexity="1">
              <lines>
                <line number="16" hits="230" branch="False" />
              </lines>
            </method>
            <method name="get_UpdatedAt" signature="()" line-rate="1" branch-rate="1" complexity="1">
              <lines>
                <line number="17" hits="230" branch="False" />
              </lines>
            </method>
            <method name="get_Readings" signature="()" line-rate="1" branch-rate="1" complexity="1">
              <lines>
                <line number="18" hits="230" branch="False" />
              </lines>
            </method>
          </methods>
          <lines>
            <line number="5" hits="213" branch="False" />
            <line number="6" hits="103" branch="False" />
            <line number="7" hits="0" branch="False" />
            <line number="8" hits="333" branch="False" />
            <line number="9" hits="333" branch="False" />
            <line number="10" hits="457" branch="False" />
            <line number="15" hits="230" branch="False" />
            <line number="16" hits="230" branch="False" />
            <line number="17" hits="230" branch="False" />
            <line number="18" hits="230" branch="False" />
          </lines>
        </class>
        <class name="Hpoll.Data.Entities.DeviceReading" filename="Hpoll.Data/Entities/DeviceReading.cs" line-rate="0.8332999999999999" branch-rate="1" complexity="6">
          <methods>
            <method name="get_Id" signature="()" line-rate="0" branch-rate="1" complexity="1">
              <lines>
                <line number="5" hits="0" branch="False" />
              </lines>
            </method>
            <method name="get_DeviceId" signature="()" line-rate="1" branch-rate="1" complexity="1">
              <lines>
                <line number="6" hits="330" branch="False" />
              </lines>
            </method>
            <method name="get_Device" signature="()" line-rate="1" branch-rate="1" complexity="1">
              <lines>
                <line number="7" hits="22" branch="False" />
              </lines>
            </method>
            <method name="get_Timestamp" signature="()" line-rate="1" branch-rate="1" complexity="1">
              <lines>
                <line number="8" hits="1110" branch="False" />
              </lines>
            </method>
            <method name="get_ReadingType" signature="()" line-rate="1" branch-rate="1" complexity="1">
              <lines>
                <line number="9" hits="485" branch="False" />
              </lines>
            </method>
            <method name="get_Value" signature="()" line-rate="1" branch-rate="1" complexity="1">
              <lines>
                <line number="10" hits="563" branch="False" />
              </lines>
            </method>
          </methods>
          <lines>
            <line number="5" hits="0" branch="False" />
            <line number="6" hits="330" branch="False" />
            <line number="7" hits="22" branch="False" />
            <line number="8" hits="1110" branch="False" />
            <line number="9" hits="485" branch="False" />
            <line number="10" hits="563" branch="False" />
          </lines>
        </class>
        <class name="Hpoll.Data.Entities.Hub" filename="Hpoll.Data/Entities/Hub.cs" line-rate="0.6666" branch-rate="1" complexity="18">
          <methods>
            <method name="get_Id" signature="()" line-rate="1" branch-rate="1" complexity="1">
              <lines>
                <line number="7" hits="103" branch="False" />
              </lines>
            </method>
            <method name="get_CustomerId" signature="()" line-rate="1" branch-rate="1" complexity="1">
              <lines>
                <line number="8" hits="67" branch="False" />
              </lines>
            </method>
            <method name="get_Customer" signature="()" line-rate="0" branch-rate="1" complexity="1">
              <lines>
                <line number="9" hits="0" branch="False" />
              </lines>
            </method>
            <method name="get_HueBridgeId" signature="()" line-rate="1" branch-rate="1" complexity="1">
              <lines>
                <line number="10" hits="140" branch="False" />
              </lines>
            </method>
            <method name="get_HueApplicationKey" signature="()" line-rate="1" branch-rate="1" complexity="1">
              <lines>
                <line number="11" hits="140" branch="False" />
              </lines>
            </method>
            <method name="get_AccessToken" signature="()" line-rate="1" branch-rate="1" complexity="1">
              <lines>
                <line number="12" hits="148" branch="False" />
              </lines>
            </method>
            <method name="get_RefreshToken" signature="()" line-rate="1" branch-rate="1" complexity="1">
              <lines>
                <line number="13" hits="150" branch="False" />
              </lines>
            </method>
            <method name="get_TokenExpiresAt" signature="()" line-rate="1" branch-rate="1" complexity="1">
              <lines>
                <line number="14" hits="74" branch="False" />
              </lines>
            </method>
            <method name="get_Status" signature="()" line-rate="1" branch-rate="1" complexity="1">
              <lines>
                <line number="15" hits="140" branch="False" />
              </lines>
            </method>
            <method name="get_DeactivatedAt" signature="()" line-rate="0" branch-rate="1" complexity="1">
              <lines>
                <line number="17" hits="0" branch="False" />
              </lines>
            </method>
            <method name="get_LastPolledAt" signature="()" line-rate="0" branch-rate="1" complexity="1">
              <lines>
                <line number="18" hits="0" branch="False" />
              </lines>
            </method>
            <method name="get_LastBatteryPollUtc" signature="()" line-rate="0" branch-rate="1" complexity="1">
              <lines>
                <line number="19" hits="0" branch="False" />
              </lines>
            </method>
            <method name="get_LastSuccessAt" signature="()" line-rate="0" branch-rate="1" complexity="1">
              <lines>
                <line number="20" hits="0" branch="False" />
              </lines>
            </method>
            <method name="get_ConsecutiveFailures" signature="()" line-rate="0" branch-rate="1" complexity="1">
              <lines>
                <line number="22" hits="0" branch="False" />
              </lines>
            </method>
            <method name="get_CreatedAt" signature="()" line-rate="1" branch-rate="1" complexity="1">
              <lines>
                <line number="23" hits="73" branch="False" />
              </lines>
            </method>
            <method name="get_UpdatedAt" signature="()" line-rate="1" branch-rate="1" complexity="1">
              <lines>
                <line number="24" hits="80" branch="False" />
              </lines>
            </method>
            <method name="get_Devices" signature="()" line-rate="1" branch-rate="1" complexity="1">
              <lines>
                <line number="25" hits="73" branch="False" />
              </lines>
            </method>
            <method name="get_PollingLogs" signature="()" line-rate="1" branch-rate="1" complexity="1">
              <lines>
                <line number="26" hits="73" branch="False" />
              </lines>
            </method>
          </methods>
          <lines>
            <line number="7" hits="103" branch="False" />
            <line number="8" hits="67" branch="False" />
            <line number="9" hits="0" branch="False" />
            <line number="10" hits="140" branch="False" />
            <line number="11" hits="140" branch="False" />
            <line number="12" hits="148" branch="False" />
            <line number="13" hits="150" branch="False" />
            <line number="14" hits="74" branch="False" />
            <line number="15" hits="140" branch="False" />
            <line number="17" hits="0" branch="False" />
            <line number="18" hits="0" branch="False" />
            <line number="19" hits="0" branch="False" />
            <line number="20" hits="0" branch="False" />
            <line number="22" hits="0" branch="False" />
            <line number="23" hits="73" branch="False" />
            <line number="24" hits="80" branch="False" />
            <line number="25" hits="73" branch="False" />
            <line number="26" hits="73" branch="False" />
          </lines>
        </class>
        <class name="Hpoll.Data.Entities.HubExtensions" filename="Hpoll.Data/Entities/HubExtensions.cs" line-rate="1" branch-rate="1" complexity="2">
          <methods>
            <method name="ApplyTokenResponse" signature="(Hpoll.Data.Entities.Hub,Hpoll.Core.Models.HueTokenResponse,System.DateTime)" line-rate="1" branch-rate="1" complexity="2">
              <lines>
                <line number="15" hits="6" branch="False" />
                <line number="16" hits="6" branch="True" condition-coverage="100% (2/2)">
                  <conditions>
                    <condition number="23" type="jump" coverage="100%" />
                  </conditions>
                </line>
                <line number="17" hits="4" branch="False" />
                <line number="18" hits="6" branch="False" />
                <line number="19" hits="6" branch="False" />
                <line number="20" hits="6" branch="False" />
              </lines>
            </method>
          </methods>
          <lines>
            <line number="15" hits="6" branch="False" />
            <line number="16" hits="6" branch="True" condition-coverage="100% (2/2)">
              <conditions>
                <condition number="23" type="jump" coverage="100%" />
              </conditions>
            </line>
            <line number="17" hits="4" branch="False" />
            <line number="18" hits="6" branch="False" />
            <line number="19" hits="6" branch="False" />
            <line number="20" hits="6" branch="False" />
          </lines>
        </class>
        <class name="Hpoll.Data.Entities.PollingLog" filename="Hpoll.Data/Entities/PollingLog.cs" line-rate="0" branch-rate="1" complexity="7">
          <methods>
            <method name="get_Id" signature="()" line-rate="0" branch-rate="1" complexity="1">
              <lines>
                <line number="5" hits="0" branch="False" />
              </lines>
            </method>
            <method name="get_HubId" signature="()" line-rate="0" branch-rate="1" complexity="1">
              <lines>
                <line number="6" hits="0" branch="False" />
              </lines>
            </method>
            <method name="get_Hub" signature="()" line-rate="0" branch-rate="1" complexity="1">
              <lines>
                <line number="7" hits="0" branch="False" />
              </lines>
            </method>
            <method name="get_Timestamp" signature="()" line-rate="0" branch-rate="1" complexity="1">
              <lines>
                <line number="8" hits="0" branch="False" />
              </lines>
            </method>
            <method name="get_Success" signature="()" line-rate="0" branch-rate="1" complexity="1">
              <lines>
                <line number="9" hits="0" branch="False" />
              </lines>
            </method>
            <method name="get_ErrorMessage" signature="()" line-rate="0" branch-rate="1" complexity="1">
              <lines>
                <line number="10" hits="0" branch="False" />
              </lines>
            </method>
            <method name="get_ApiCallsMade" signature="()" line-rate="0" branch-rate="1" complexity="1">
              <lines>
                <line number="11" hits="0" branch="False" />
              </lines>
            </method>
          </methods>
          <lines>
            <line number="5" hits="0" branch="False" />
            <line number="6" hits="0" branch="False" />
            <line number="7" hits="0" branch="False" />
            <line number="8" hits="0" branch="False" />
            <line number="9" hits="0" branch="False" />
            <line number="10" hits="0" branch="False" />
            <line number="11" hits="0" branch="False" />
          </lines>
        </class>
        <class name="Hpoll.Data.Entities.SystemInfo" filename="Hpoll.Data/Entities/SystemInfo.cs" line-rate="0" branch-rate="1" complexity="4">
          <methods>
            <method name="get_Key" signature="()" line-rate="0" branch-rate="1" complexity="1">
              <lines>
                <line number="5" hits="0" branch="False" />
              </lines>
            </method>
            <method name="get_Value" signature="()" line-rate="0" branch-rate="1" complexity="1">
              <lines>
                <line number="6" hits="0" branch="False" />
              </lines>
            </method>
            <method name="get_Category" signature="()" line-rate="0" branch-rate="1" complexity="1">
              <lines>
                <line number="7" hits="0" branch="False" />
              </lines>
            </method>
            <method name="get_UpdatedAt" signature="()" line-rate="0" branch-rate="1" complexity="1">
              <lines>
                <line number="8" hits="0" branch="False" />
              </lines>
            </method>
          </methods>
          <lines>
            <line number="5" hits="0" branch="False" />
            <line number="6" hits="0" branch="False" />
            <line number="7" hits="0" branch="False" />
            <line number="8" hits="0" branch="False" />
          </lines>
        </class>
      </classes>
    </package>
  </packages>
</coverage>