<?xml version="1.0" encoding="utf-8"?>
<coverage line-rate="0.5889" branch-rate="0.4556" version="1.9" timestamp="1774801931" lines-covered="841" lines-valid="1428" branches-covered="185" branches-valid="406">
  <sources>
    <source>/home/runner/work/hpoll/hpoll/src/</source>
  </sources>
  <packages>
    <package name="Hpoll.Worker" line-rate="0.9229" branch-rate="0.9285" complexity="181">
      <classes>
        <class name="Hpoll.Worker.Services.DatabaseBackupService" filename="Hpoll.Worker/Services/DatabaseBackupService.cs" line-rate="0.875" branch-rate="0.9285" complexity="15">
          <methods>
            <method name="ValidatePathSegment" signature="(System.String,System.String)" line-rate="1" branch-rate="1" complexity="2">
              <lines>
                <line number="52" hits="52" branch="True" condition-coverage="100% (2/2)">
                  <conditions>
                    <condition number="11" type="jump" coverage="100%" />
                  </conditions>
                </line>
                <line number="53" hits="5" branch="False" />
                <line number="54" hits="5" branch="False" />
                <line number="55" hits="5" branch="False" />
                <line number="56" hits="47" branch="False" />
              </lines>
            </method>
            <method name="HasExistingBackups" signature="()" line-rate="1" branch-rate="1" complexity="2">
              <lines>
                <line number="128" hits="8" branch="True" condition-coverage="100% (2/2)">
                  <conditions>
                    <condition number="11" type="jump" coverage="100%" />
                  </conditions>
                </line>
                <line number="129" hits="8" branch="False" />
              </lines>
            </method>
            <method name="PruneOldBackups" signature="()" line-rate="0.7391" branch-rate="1" complexity="6">
              <lines>
                <line number="187" hits="6" branch="True" condition-coverage="100% (2/2)">
                  <conditions>
                    <condition number="11" type="jump" coverage="100%" />
                  </conditions>
                </line>
                <line number="188" hits="1" branch="False" />
                <line number="190" hits="5" branch="False" />
                <line number="191" hits="12" branch="False" />
                <line number="192" hits="5" branch="False" />
                <line number="194" hits="5" branch="True" condition-coverage="100% (2/2)">
                  <conditions>
                    <condition number="93" type="jump" coverage="100%" />
                  </conditions>
                </line>
                <line number="195" hits="4" branch="False" />
                <line number="197" hits="1" branch="False" />
                <line number="198" hits="6" branch="True" condition-coverage="100% (2/2)">
                  <conditions>
                    <condition number="223" type="jump" coverage="100%" />
                  </conditions>
                </line>
                <line number="202" hits="2" branch="False" />
                <line number="203" hits="2" branch="False" />
                <line number="204" hits="2" branch="False" />
                <line number="205" hits="0" branch="False" />
                <line number="207" hits="0" branch="False" />
                <line number="208" hits="0" branch="False" />
                <line number="211" hits="1" branch="False" />
                <line number="212" hits="1" branch="False" />
                <line number="213" hits="1" branch="False" />
                <line number="214" hits="1" branch="False" />
                <line number="215" hits="0" branch="False" />
                <line number="217" hits="0" branch="False" />
                <line number="218" hits="0" branch="False" />
                <line number="219" hits="6" branch="False" />
              </lines>
            </method>
            <method name=".ctor" signature="(Microsoft.Extensions.DependencyInjection.IServiceScopeFactory,Microsoft.Extensions.Logging.ILogger`1&lt;Hpoll.Worker.Services.DatabaseBackupService&gt;,Microsoft.Extensions.Options.IOptions`1&lt;Hpoll.Core.Configuration.BackupSettings&gt;,Hpoll.Core.Interfaces.ISystemInfoService,Microsoft.Extensions.Configuration.IConfiguration,System.TimeProvider)" line-rate="1" branch-rate="0.75" complexity="4">
              <lines>
                <line number="30" hits="28" branch="False" />
                <line number="31" hits="28" branch="False" />
                <line number="32" hits="28" branch="False" />
                <line number="33" hits="28" branch="False" />
                <line number="34" hits="28" branch="False" />
                <line number="35" hits="28" branch="False" />
                <line number="36" hits="28" branch="False" />
                <line number="38" hits="28" branch="False" />
                <line number="39" hits="28" branch="False" />
                <line number="40" hits="28" branch="False" />
                <line number="41" hits="28" branch="False" />
                <line number="42" hits="28" branch="True" condition-coverage="100% (2/2)">
                  <conditions>
                    <condition number="44" type="jump" coverage="100%" />
                  </conditions>
                </line>
                <line number="44" hits="28" branch="True" condition-coverage="50% (1/2)">
                  <conditions>
                    <condition number="70" type="jump" coverage="50%" />
                  </conditions>
                </line>
                <line number="45" hits="28" branch="False" />
                <line number="46" hits="24" branch="False" />
                <line number="47" hits="23" branch="False" />
                <line number="48" hits="23" branch="False" />
              </lines>
            </method>
            <method name=".cctor" signature="()" line-rate="1" branch-rate="1" complexity="1">
              <lines>
                <line number="20" hits="1" branch="False" />
              </lines>
            </method>
          </methods>
          <lines>
            <line number="52" hits="52" branch="True" condition-coverage="100% (2/2)">
              <conditions>
                <condition number="11" type="jump" coverage="100%" />
              </conditions>
            </line>
            <line number="53" hits="5" branch="False" />
            <line number="54" hits="5" branch="False" />
            <line number="55" hits="5" branch="False" />
            <line number="56" hits="47" branch="False" />
            <line number="128" hits="8" branch="True" condition-coverage="100% (2/2)">
              <conditions>
                <condition number="11" type="jump" coverage="100%" />
              </conditions>
            </line>
            <line number="129" hits="8" branch="False" />
            <line number="187" hits="6" branch="True" condition-coverage="100% (2/2)">
              <conditions>
                <condition number="11" type="jump" coverage="100%" />
              </conditions>
            </line>
            <line number="188" hits="1" branch="False" />
            <line number="190" hits="5" branch="False" />
            <line number="191" hits="12" branch="False" />
            <line number="192" hits="5" branch="False" />
            <line number="194" hits="5" branch="True" condition-coverage="100% (2/2)">
              <conditions>
                <condition number="93" type="jump" coverage="100%" />
              </conditions>
            </line>
            <line number="195" hits="4" branch="False" />
            <line number="197" hits="1" branch="False" />
            <line number="198" hits="6" branch="True" condition-coverage="100% (2/2)">
              <conditions>
                <condition number="223" type="jump" coverage="100%" />
              </conditions>
            </line>
            <line number="202" hits="2" branch="False" />
            <line number="203" hits="2" branch="False" />
            <line number="204" hits="2" branch="False" />
            <line number="205" hits="0" branch="False" />
            <line number="207" hits="0" branch="False" />
            <line number="208" hits="0" branch="False" />
            <line number="211" hits="1" branch="False" />
            <line number="212" hits="1" branch="False" />
            <line number="213" hits="1" branch="False" />
            <line number="214" hits="1" branch="False" />
            <line number="215" hits="0" branch="False" />
            <line number="217" hits="0" branch="False" />
            <line number="218" hits="0" branch="False" />
            <line number="219" hits="6" branch="False" />
            <line number="30" hits="28" branch="False" />
            <line number="31" hits="28" branch="False" />
            <line number="32" hits="28" branch="False" />
            <line number="33" hits="28" branch="False" />
            <line number="34" hits="28" branch="False" />
            <line number="35" hits="28" branch="False" />
            <line number="36" hits="28" branch="False" />
            <line number="38" hits="28" branch="False" />
            <line number="39" hits="28" branch="False" />
            <line number="40" hits="28" branch="False" />
            <line number="41" hits="28" branch="False" />
            <line number="42" hits="28" branch="True" condition-coverage="100% (2/2)">
              <conditions>
                <condition number="44" type="jump" coverage="100%" />
              </conditions>
            </line>
            <line number="44" hits="28" branch="True" condition-coverage="50% (1/2)">
              <conditions>
                <condition number="70" type="jump" coverage="50%" />
              </conditions>
            </line>
            <line number="45" hits="28" branch="False" />
            <line number="46" hits="24" branch="False" />
            <line number="47" hits="23" branch="False" />
            <line number="48" hits="23" branch="False" />
            <line number="20" hits="1" branch="False" />
          </lines>
        </class>
        <class name="Hpoll.Worker.Services.DatabaseBackupService/&lt;&gt;c" filename="Hpoll.Worker/Services/DatabaseBackupService.cs" line-rate="1" branch-rate="1" complexity="1">
          <methods>
            <method name="&lt;InitializeStatsFromExistingBackupsAsync&gt;b__11_0" signature="(System.String)" line-rate="1" branch-rate="1" complexity="1">
              <lines>
                <line number="96" hits="4" branch="False" />
              </lines>
            </method>
          </methods>
          <lines>
            <line number="96" hits="4" branch="False" />
          </lines>
        </class>
        <class name="Hpoll.Worker.Services.DatabaseBackupService/&lt;CreateBackupAsync&gt;d__14" filename="Hpoll.Worker/Services/DatabaseBackupService.cs" line-rate="1" branch-rate="1" complexity="1">
          <methods>
            <method name="MoveNext" signature="()" line-rate="1" branch-rate="1" complexity="1">
              <lines>
                <line number="160" hits="8" branch="False" />
                <line number="162" hits="8" branch="False" />
                <line number="163" hits="8" branch="False" />
                <line number="164" hits="8" branch="False" />
                <line number="166" hits="8" branch="False" />
                <line number="168" hits="8" branch="False" />
                <line number="169" hits="8" branch="False" />
                <line number="174" hits="8" branch="False" />
                <line number="177" hits="8" branch="False" />
                <line number="178" hits="8" branch="False" />
                <line number="179" hits="8" branch="False" />
                <line number="180" hits="8" branch="False" />
                <line number="181" hits="8" branch="False" />
              </lines>
            </method>
          </methods>
          <lines>
            <line number="160" hits="8" branch="False" />
            <line number="162" hits="8" branch="False" />
            <line number="163" hits="8" branch="False" />
            <line number="164" hits="8" branch="False" />
            <line number="166" hits="8" branch="False" />
            <line number="168" hits="8" branch="False" />
            <line number="169" hits="8" branch="False" />
            <line number="174" hits="8" branch="False" />
            <line number="177" hits="8" branch="False" />
            <line number="178" hits="8" branch="False" />
            <line number="179" hits="8" branch="False" />
            <line number="180" hits="8" branch="False" />
            <line number="181" hits="8" branch="False" />
          </lines>
        </class>
        <class name="Hpoll.Worker.Services.DatabaseBackupService/&lt;ExecuteAsync&gt;d__10" filename="Hpoll.Worker/Services/DatabaseBackupService.cs" line-rate="0.8665999999999999" branch-rate="1" complexity="4">
          <methods>
            <method name="MoveNext" signature="()" line-rate="0.8665999999999999" branch-rate="1" complexity="4">
              <lines>
                <line number="60" hits="4" branch="False" />
                <line number="61" hits="4" branch="False" />
                <line number="62" hits="4" branch="False" />
                <line number="65" hits="4" branch="True" condition-coverage="100% (2/2)">
                  <conditions>
                    <condition number="111" type="jump" coverage="100%" />
                  </conditions>
                </line>
                <line number="67" hits="2" branch="False" />
                <line number="68" hits="2" branch="False" />
                <line number="72" hits="2" branch="False" />
                <line number="73" hits="2" branch="False" />
                <line number="76" hits="4" branch="True" condition-coverage="100% (2/2)">
                  <conditions>
                    <condition number="616" type="jump" coverage="100%" />
                  </conditions>
                </line>
                <line number="80" hits="4" branch="False" />
                <line number="81" hits="0" branch="False" />
                <line number="82" hits="4" branch="False" />
                <line number="84" hits="4" branch="False" />
                <line number="87" hits="0" branch="False" />
                <line number="89" hits="4" branch="False" />
              </lines>
            </method>
          </methods>
          <lines>
            <line number="60" hits="4" branch="False" />
            <line number="61" hits="4" branch="False" />
            <line number="62" hits="4" branch="False" />
            <line number="65" hits="4" branch="True" condition-coverage="100% (2/2)">
              <conditions>
                <condition number="111" type="jump" coverage="100%" />
              </conditions>
            </line>
            <line number="67" hits="2" branch="False" />
            <line number="68" hits="2" branch="False" />
            <line number="72" hits="2" branch="False" />
            <line number="73" hits="2" branch="False" />
            <line number="76" hits="4" branch="True" condition-coverage="100% (2/2)">
              <conditions>
                <condition number="616" type="jump" coverage="100%" />
              </conditions>
            </line>
            <line number="80" hits="4" branch="False" />
            <line number="81" hits="0" branch="False" />
            <line number="82" hits="4" branch="False" />
            <line number="84" hits="4" branch="False" />
            <line number="87" hits="0" branch="False" />
            <line number="89" hits="4" branch="False" />
          </lines>
        </class>
        <class name="Hpoll.Worker.Services.DatabaseBackupService/&lt;InitializeStatsFromExistingBackupsAsync&gt;d__11" filename="Hpoll.Worker/Services/DatabaseBackupService.cs" line-rate="0.8636" branch-rate="1" complexity="2">
          <methods>
            <method name="MoveNext" signature="()" line-rate="0.8636" branch-rate="1" complexity="2">
              <lines>
                <line number="95" hits="2" branch="False" />
                <line number="97" hits="2" branch="False" />
                <line number="99" hits="2" branch="False" />
                <line number="101" hits="2" branch="False" />
                <line number="102" hits="2" branch="False" />
                <line number="103" hits="2" branch="False" />
                <line number="104" hits="2" branch="True" condition-coverage="100% (2/2)">
                  <conditions>
                    <condition number="131" type="jump" coverage="100%" />
                  </conditions>
                </line>
                <line number="106" hits="2" branch="False" />
                <line number="107" hits="2" branch="False" />
                <line number="110" hits="2" branch="False" />
                <line number="111" hits="2" branch="False" />
                <line number="112" hits="2" branch="False" />
                <line number="113" hits="2" branch="False" />
                <line number="114" hits="2" branch="False" />
                <line number="115" hits="2" branch="False" />
                <line number="117" hits="2" branch="False" />
                <line number="118" hits="2" branch="False" />
                <line number="119" hits="2" branch="False" />
                <line number="120" hits="0" branch="False" />
                <line number="122" hits="0" branch="False" />
                <line number="123" hits="0" branch="False" />
                <line number="124" hits="2" branch="False" />
              </lines>
            </method>
          </methods>
          <lines>
            <line number="95" hits="2" branch="False" />
            <line number="97" hits="2" branch="False" />
            <line number="99" hits="2" branch="False" />
            <line number="101" hits="2" branch="False" />
            <line number="102" hits="2" branch="False" />
            <line number="103" hits="2" branch="False" />
            <line number="104" hits="2" branch="True" condition-coverage="100% (2/2)">
              <conditions>
                <condition number="131" type="jump" coverage="100%" />
              </conditions>
            </line>
            <line number="106" hits="2" branch="False" />
            <line number="107" hits="2" branch="False" />
            <line number="110" hits="2" branch="False" />
            <line number="111" hits="2" branch="False" />
            <line number="112" hits="2" branch="False" />
            <line number="113" hits="2" branch="False" />
            <line number="114" hits="2" branch="False" />
            <line number="115" hits="2" branch="False" />
            <line number="117" hits="2" branch="False" />
            <line number="118" hits="2" branch="False" />
            <line number="119" hits="2" branch="False" />
            <line number="120" hits="0" branch="False" />
            <line number="122" hits="0" branch="False" />
            <line number="123" hits="0" branch="False" />
            <line number="124" hits="2" branch="False" />
          </lines>
        </class>
        <class name="Hpoll.Worker.Services.DatabaseBackupService/&lt;RunBackupCycleAsync&gt;d__13" filename="Hpoll.Worker/Services/DatabaseBackupService.cs" line-rate="0.7058" branch-rate="1" complexity="1">
          <methods>
            <method name="MoveNext" signature="()" line-rate="0.7058" branch-rate="1" complexity="1">
              <lines>
                <line number="136" hits="2" branch="False" />
                <line number="137" hits="2" branch="False" />
                <line number="138" hits="2" branch="False" />
                <line number="140" hits="2" branch="False" />
                <line number="141" hits="2" branch="False" />
                <line number="142" hits="2" branch="False" />
                <line number="143" hits="2" branch="False" />
                <line number="144" hits="2" branch="False" />
                <line number="145" hits="2" branch="False" />
                <line number="146" hits="2" branch="False" />
                <line number="147" hits="2" branch="False" />
                <line number="148" hits="0" branch="False" />
                <line number="151" hits="0" branch="False" />
                <line number="152" hits="0" branch="False" />
                <line number="154" hits="0" branch="False" />
                <line number="155" hits="0" branch="False" />
                <line number="156" hits="2" branch="False" />
              </lines>
            </method>
          </methods>
          <lines>
            <line number="136" hits="2" branch="False" />
            <line number="137" hits="2" branch="False" />
            <line number="138" hits="2" branch="False" />
            <line number="140" hits="2" branch="False" />
            <line number="141" hits="2" branch="False" />
            <line number="142" hits="2" branch="False" />
            <line number="143" hits="2" branch="False" />
            <line number="144" hits="2" branch="False" />
            <line number="145" hits="2" branch="False" />
            <line number="146" hits="2" branch="False" />
            <line number="147" hits="2" branch="False" />
            <line number="148" hits="0" branch="False" />
            <line number="151" hits="0" branch="False" />
            <line number="152" hits="0" branch="False" />
            <line number="154" hits="0" branch="False" />
            <line number="155" hits="0" branch="False" />
            <line number="156" hits="2" branch="False" />
          </lines>
        </class>
        <class name="Hpoll.Worker.Services.EmailSchedulerService" filename="Hpoll.Worker/Services/EmailSchedulerService.cs" line-rate="1" branch-rate="0.8332999999999999" complexity="8">
          <methods>
            <method name="MaskEmail" signature="(System.String)" line-rate="1" branch-rate="1" complexity="1">
              <lines>
                <line number="257" hits="16" branch="False" />
              </lines>
            </method>
            <method name="ParseEmailList" signature="(System.String)" line-rate="1" branch-rate="1" complexity="4">
              <lines>
                <line number="261" hits="124" branch="True" condition-coverage="100% (2/2)">
                  <conditions>
                    <condition number="6" type="jump" coverage="100%" />
                  </conditions>
                </line>
                <line number="262" hits="32" branch="False" />
                <line number="263" hits="32" branch="False" />
                <line number="264" hits="45" branch="False" />
                <line number="265" hits="32" branch="False" />
                <line number="266" hits="32" branch="True" condition-coverage="100% (2/2)">
                  <conditions>
                    <condition number="68" type="jump" coverage="100%" />
                  </conditions>
                </line>
              </lines>
            </method>
            <method name=".ctor" signature="(Microsoft.Extensions.DependencyInjection.IServiceScopeFactory,Microsoft.Extensions.Logging.ILogger`1&lt;Hpoll.Worker.Services.EmailSchedulerService&gt;,Microsoft.Extensions.Options.IOptions`1&lt;Hpoll.Core.Configuration.EmailSettings&gt;,Hpoll.Core.Interfaces.ISystemInfoService,System.TimeProvider)" line-rate="1" branch-rate="0.5" complexity="2">
              <lines>
                <line number="33" hits="33" branch="False" />
                <line number="34" hits="33" branch="False" />
                <line number="35" hits="33" branch="False" />
                <line number="36" hits="33" branch="False" />
                <line number="37" hits="33" branch="False" />
                <line number="38" hits="33" branch="False" />
                <line number="40" hits="33" branch="False" />
                <line number="41" hits="33" branch="False" />
                <line number="42" hits="33" branch="False" />
                <line number="43" hits="33" branch="False" />
                <line number="44" hits="33" branch="True" condition-coverage="50% (1/2)">
                  <conditions>
                    <condition number="44" type="jump" coverage="50%" />
                  </conditions>
                </line>
                <line number="45" hits="33" branch="False" />
              </lines>
            </method>
            <method name=".cctor" signature="()" line-rate="1" branch-rate="1" complexity="1">
              <lines>
                <line number="31" hits="1" branch="False" />
              </lines>
            </method>
          </methods>
          <lines>
            <line number="257" hits="16" branch="False" />
            <line number="261" hits="124" branch="True" condition-coverage="100% (2/2)">
              <conditions>
                <condition number="6" type="jump" coverage="100%" />
              </conditions>
            </line>
            <line number="262" hits="32" branch="False" />
            <line number="263" hits="32" branch="False" />
            <line number="264" hits="45" branch="False" />
            <line number="265" hits="32" branch="False" />
            <line number="266" hits="32" branch="True" condition-coverage="100% (2/2)">
              <conditions>
                <condition number="68" type="jump" coverage="100%" />
              </conditions>
            </line>
            <line number="33" hits="33" branch="False" />
            <line number="34" hits="33" branch="False" />
            <line number="35" hits="33" branch="False" />
            <line number="36" hits="33" branch="False" />
            <line number="37" hits="33" branch="False" />
            <line number="38" hits="33" branch="False" />
            <line number="40" hits="33" branch="False" />
            <line number="41" hits="33" branch="False" />
            <line number="42" hits="33" branch="False" />
            <line number="43" hits="33" branch="False" />
            <line number="44" hits="33" branch="True" condition-coverage="50% (1/2)">
              <conditions>
                <condition number="44" type="jump" coverage="50%" />
              </conditions>
            </line>
            <line number="45" hits="33" branch="False" />
            <line number="31" hits="1" branch="False" />
          </lines>
        </class>
        <class name="Hpoll.Worker.Services.EmailSchedulerService/&lt;ExecuteAsync&gt;d__8" filename="Hpoll.Worker/Services/EmailSchedulerService.cs" line-rate="0.8946999999999999" branch-rate="0.8332999999999999" complexity="6">
          <methods>
            <method name="MoveNext" signature="()" line-rate="0.8946999999999999" branch-rate="0.8332999999999999" complexity="6">
              <lines>
                <line number="49" hits="3" branch="False" />
                <line number="50" hits="3" branch="False" />
                <line number="53" hits="3" branch="False" />
                <line number="55" hits="3" branch="True" condition-coverage="100% (2/2)">
                  <conditions>
                    <condition number="857" type="jump" coverage="100%" />
                  </conditions>
                </line>
                <line number="63" hits="3" branch="False" />
                <line number="64" hits="2" branch="True" condition-coverage="75% (3/4)">
                  <conditions>
                    <condition number="335" type="jump" coverage="100%" />
                    <condition number="322" type="jump" coverage="50%" />
                  </conditions>
                </line>
                <line number="67" hits="2" branch="False" />
                <line number="68" hits="2" branch="False" />
                <line number="70" hits="2" branch="False" />
                <line number="71" hits="0" branch="False" />
                <line number="72" hits="2" branch="False" />
                <line number="74" hits="2" branch="False" />
                <line number="76" hits="1" branch="False" />
                <line number="78" hits="1" branch="False" />
                <line number="81" hits="1" branch="False" />
                <line number="82" hits="0" branch="False" />
                <line number="83" hits="1" branch="False" />
                <line number="85" hits="1" branch="False" />
                <line number="89" hits="3" branch="False" />
              </lines>
            </method>
          </methods>
          <lines>
            <line number="49" hits="3" branch="False" />
            <line number="50" hits="3" branch="False" />
            <line number="53" hits="3" branch="False" />
            <line number="55" hits="3" branch="True" condition-coverage="100% (2/2)">
              <conditions>
                <condition number="857" type="jump" coverage="100%" />
              </conditions>
            </line>
            <line number="63" hits="3" branch="False" />
            <line number="64" hits="2" branch="True" condition-coverage="75% (3/4)">
              <conditions>
                <condition number="335" type="jump" coverage="100%" />
                <condition number="322" type="jump" coverage="50%" />
              </conditions>
            </line>
            <line number="67" hits="2" branch="False" />
            <line number="68" hits="2" branch="False" />
            <line number="70" hits="2" branch="False" />
            <line number="71" hits="0" branch="False" />
            <line number="72" hits="2" branch="False" />
            <line number="74" hits="2" branch="False" />
            <line number="76" hits="1" branch="False" />
            <line number="78" hits="1" branch="False" />
            <line number="81" hits="1" branch="False" />
            <line number="82" hits="0" branch="False" />
            <line number="83" hits="1" branch="False" />
            <line number="85" hits="1" branch="False" />
            <line number="89" hits="3" branch="False" />
          </lines>
        </class>
        <class name="Hpoll.Worker.Services.EmailSchedulerService/&lt;GetNextDueTimeAsync&gt;d__13" filename="Hpoll.Worker/Services/EmailSchedulerService.cs" line-rate="1" branch-rate="1" complexity="1">
          <methods>
            <method name="MoveNext" signature="()" line-rate="1" branch-rate="1" complexity="1">
              <lines>
                <line number="249" hits="17" branch="False" />
                <line number="250" hits="17" branch="False" />
                <line number="252" hits="17" branch="False" />
                <line number="253" hits="17" branch="False" />
                <line number="254" hits="17" branch="False" />
                <line number="255" hits="17" branch="False" />
              </lines>
            </method>
          </methods>
          <lines>
            <line number="249" hits="17" branch="False" />
            <line number="250" hits="17" branch="False" />
            <line number="252" hits="17" branch="False" />
            <line number="253" hits="17" branch="False" />
            <line number="254" hits="17" branch="False" />
            <line number="255" hits="17" branch="False" />
          </lines>
        </class>
        <class name="Hpoll.Worker.Services.EmailSchedulerService/&lt;GetSleepDurationAsync&gt;d__12" filename="Hpoll.Worker/Services/EmailSchedulerService.cs" line-rate="1" branch-rate="1" complexity="6">
          <methods>
            <method name="MoveNext" signature="()" line-rate="1" branch-rate="1" complexity="6">
              <lines>
                <line number="234" hits="6" branch="False" />
                <line number="235" hits="6" branch="True" condition-coverage="100% (2/2)">
                  <conditions>
                    <condition number="129" type="jump" coverage="100%" />
                  </conditions>
                </line>
                <line number="236" hits="3" branch="False" />
                <line number="238" hits="3" branch="False" />
                <line number="239" hits="3" branch="False" />
                <line number="241" hits="3" branch="True" condition-coverage="100% (2/2)">
                  <conditions>
                    <condition number="189" type="jump" coverage="100%" />
                  </conditions>
                </line>
                <line number="242" hits="1" branch="False" />
                <line number="244" hits="2" branch="True" condition-coverage="100% (2/2)">
                  <conditions>
                    <condition number="211" type="jump" coverage="100%" />
                  </conditions>
                </line>
                <line number="245" hits="6" branch="False" />
              </lines>
            </method>
          </methods>
          <lines>
            <line number="234" hits="6" branch="False" />
            <line number="235" hits="6" branch="True" condition-coverage="100% (2/2)">
              <conditions>
                <condition number="129" type="jump" coverage="100%" />
              </conditions>
            </line>
            <line number="236" hits="3" branch="False" />
            <line number="238" hits="3" branch="False" />
            <line number="239" hits="3" branch="False" />
            <line number="241" hits="3" branch="True" condition-coverage="100% (2/2)">
              <conditions>
                <condition number="189" type="jump" coverage="100%" />
              </conditions>
            </line>
            <line number="242" hits="1" branch="False" />
            <line number="244" hits="2" branch="True" condition-coverage="100% (2/2)">
              <conditions>
                <condition number="211" type="jump" coverage="100%" />
              </conditions>
            </line>
            <line number="245" hits="6" branch="False" />
          </lines>
        </class>
        <class name="Hpoll.Worker.Services.EmailSchedulerService/&lt;InitializeNextSendTimesAsync&gt;d__9" filename="Hpoll.Worker/Services/EmailSchedulerService.cs" line-rate="1" branch-rate="1" complexity="4">
          <methods>
            <method name="MoveNext" signature="()" line-rate="1" branch-rate="1" complexity="4">
              <lines>
                <line number="93" hits="6" branch="False" />
                <line number="94" hits="6" branch="False" />
                <line number="96" hits="6" branch="False" />
                <line number="97" hits="6" branch="False" />
                <line number="98" hits="6" branch="False" />
                <line number="100" hits="10" branch="True" condition-coverage="100% (2/2)">
                  <conditions>
                    <condition number="360" type="jump" coverage="100%" />
                  </conditions>
                </line>
                <line number="102" hits="2" branch="False" />
                <line number="103" hits="8" branch="True" condition-coverage="100% (2/2)">
                  <conditions>
                    <condition number="504" type="jump" coverage="100%" />
                  </conditions>
                </line>
                <line number="105" hits="2" branch="False" />
                <line number="106" hits="2" branch="False" />
                <line number="107" hits="2" branch="False" />
                <line number="108" hits="2" branch="False" />
                <line number="111" hits="2" branch="False" />
                <line number="112" hits="6" branch="False" />
              </lines>
            </method>
          </methods>
          <lines>
            <line number="93" hits="6" branch="False" />
            <line number="94" hits="6" branch="False" />
            <line number="96" hits="6" branch="False" />
            <line number="97" hits="6" branch="False" />
            <line number="98" hits="6" branch="False" />
            <line number="100" hits="10" branch="True" condition-coverage="100% (2/2)">
              <conditions>
                <condition number="360" type="jump" coverage="100%" />
              </conditions>
            </line>
            <line number="102" hits="2" branch="False" />
            <line number="103" hits="8" branch="True" condition-coverage="100% (2/2)">
              <conditions>
                <condition number="504" type="jump" coverage="100%" />
              </conditions>
            </line>
            <line number="105" hits="2" branch="False" />
            <line number="106" hits="2" branch="False" />
            <line number="107" hits="2" branch="False" />
            <line number="108" hits="2" branch="False" />
            <line number="111" hits="2" branch="False" />
            <line number="112" hits="6" branch="False" />
          </lines>
        </class>
        <class name="Hpoll.Worker.Services.EmailSchedulerService/&lt;ProcessDueCustomersAsync&gt;d__10" filename="Hpoll.Worker/Services/EmailSchedulerService.cs" line-rate="1" branch-rate="0.8" complexity="10">
          <methods>
            <method name="MoveNext" signature="()" line-rate="1" branch-rate="0.8" complexity="10">
              <lines>
                <line number="116" hits="15" branch="False" />
                <line number="117" hits="15" branch="False" />
                <line number="118" hits="14" branch="False" />
                <line number="119" hits="14" branch="False" />
                <line number="120" hits="14" branch="False" />
                <line number="122" hits="14" branch="False" />
                <line number="123" hits="14" branch="False" />
                <line number="124" hits="14" branch="False" />
                <line number="126" hits="14" branch="True" condition-coverage="100% (2/2)">
                  <conditions>
                    <condition number="549" type="jump" coverage="100%" />
                  </conditions>
                </line>
                <line number="127" hits="3" branch="False" />
                <line number="129" hits="11" branch="False" />
                <line number="131" hits="50" branch="True" condition-coverage="100% (4/4)">
                  <conditions>
                    <condition number="1141" type="jump" coverage="100%" />
                    <condition number="613" type="jump" coverage="100%" />
                  </conditions>
                </line>
                <line number="135" hits="14" branch="False" />
                <line number="136" hits="12" branch="False" />
                <line number="138" hits="12" branch="False" />
                <line number="139" hits="12" branch="False" />
                <line number="140" hits="12" branch="False" />
                <line number="141" hits="12" branch="False" />
                <line number="142" hits="12" branch="False" />
                <line number="143" hits="12" branch="False" />
                <line number="144" hits="12" branch="False" />
                <line number="145" hits="2" branch="False" />
                <line number="147" hits="2" branch="False" />
                <line number="148" hits="2" branch="False" />
                <line number="149" hits="2" branch="False" />
                <line number="152" hits="14" branch="False" />
                <line number="153" hits="14" branch="False" />
                <line number="154" hits="14" branch="False" />
                <line number="155" hits="14" branch="False" />
                <line number="156" hits="14" branch="False" />
                <line number="158" hits="11" branch="False" />
                <line number="160" hits="11" branch="False" />
                <line number="161" hits="11" branch="True" condition-coverage="50% (2/4)">
                  <conditions>
                    <condition number="1423" type="jump" coverage="50%" />
                    <condition number="1450" type="jump" coverage="50%" />
                  </conditions>
                </line>
                <line number="162" hits="11" branch="False" />
                <line number="163" hits="11" branch="False" />
                <line number="164" hits="11" branch="False" />
                <line number="166" hits="11" branch="False" />
                <line number="167" hits="14" branch="False" />
              </lines>
            </method>
          </methods>
          <lines>
            <line number="116" hits="15" branch="False" />
            <line number="117" hits="15" branch="False" />
            <line number="118" hits="14" branch="False" />
            <line number="119" hits="14" branch="False" />
            <line number="120" hits="14" branch="False" />
            <line number="122" hits="14" branch="False" />
            <line number="123" hits="14" branch="False" />
            <line number="124" hits="14" branch="False" />
            <line number="126" hits="14" branch="True" condition-coverage="100% (2/2)">
              <conditions>
                <condition number="549" type="jump" coverage="100%" />
              </conditions>
            </line>
            <line number="127" hits="3" branch="False" />
            <line number="129" hits="11" branch="False" />
            <line number="131" hits="50" branch="True" condition-coverage="100% (4/4)">
              <conditions>
                <condition number="1141" type="jump" coverage="100%" />
                <condition number="613" type="jump" coverage="100%" />
              </conditions>
            </line>
            <line number="135" hits="14" branch="False" />
            <line number="136" hits="12" branch="False" />
            <line number="138" hits="12" branch="False" />
            <line number="139" hits="12" branch="False" />
            <line number="140" hits="12" branch="False" />
            <line number="141" hits="12" branch="False" />
            <line number="142" hits="12" branch="False" />
            <line number="143" hits="12" branch="False" />
            <line number="144" hits="12" branch="False" />
            <line number="145" hits="2" branch="False" />
            <line number="147" hits="2" branch="False" />
            <line number="148" hits="2" branch="False" />
            <line number="149" hits="2" branch="False" />
            <line number="152" hits="14" branch="False" />
            <line number="153" hits="14" branch="False" />
            <line number="154" hits="14" branch="False" />
            <line number="155" hits="14" branch="False" />
            <line number="156" hits="14" branch="False" />
            <line number="158" hits="11" branch="False" />
            <line number="160" hits="11" branch="False" />
            <line number="161" hits="11" branch="True" condition-coverage="50% (2/4)">
              <conditions>
                <condition number="1423" type="jump" coverage="50%" />
                <condition number="1450" type="jump" coverage="50%" />
              </conditions>
            </line>
            <line number="162" hits="11" branch="False" />
            <line number="163" hits="11" branch="False" />
            <line number="164" hits="11" branch="False" />
            <line number="166" hits="11" branch="False" />
            <line number="167" hits="14" branch="False" />
          </lines>
        </class>
        <class name="Hpoll.Worker.Services.EmailSchedulerService/&lt;SendCustomerEmailAsync&gt;d__11" filename="Hpoll.Worker/Services/EmailSchedulerService.cs" line-rate="1" branch-rate="1" complexity="12">
          <methods>
            <method name="MoveNext" signature="()" line-rate="1" branch-rate="1" complexity="12">
              <lines>
                <line number="171" hits="25" branch="False" />
                <line number="172" hits="25" branch="True" condition-coverage="100% (2/2)">
                  <conditions>
                    <condition number="60" type="jump" coverage="100%" />
                  </conditions>
                </line>
                <line number="174" hits="1" branch="False" />
                <line number="175" hits="1" branch="False" />
                <line number="176" hits="1" branch="False" />
                <line number="179" hits="24" branch="False" />
                <line number="180" hits="24" branch="False" />
                <line number="182" hits="23" branch="False" />
                <line number="183" hits="23" branch="False" />
                <line number="184" hits="23" branch="False" />
                <line number="187" hits="23" branch="False" />
                <line number="188" hits="14" branch="False" />
                <line number="189" hits="14" branch="False" />
                <line number="190" hits="14" branch="False" />
                <line number="191" hits="6" branch="False" />
                <line number="193" hits="6" branch="True" condition-coverage="100% (4/4)">
                  <conditions>
                    <condition number="613" type="jump" coverage="100%" />
                    <condition number="633" type="jump" coverage="100%" />
                  </conditions>
                </line>
                <line number="194" hits="6" branch="False" />
                <line number="195" hits="6" branch="False" />
                <line number="196" hits="6" branch="False" />
                <line number="198" hits="6" branch="True" condition-coverage="100% (2/2)">
                  <conditions>
                    <condition number="668" type="jump" coverage="100%" />
                  </conditions>
                </line>
                <line number="199" hits="1" branch="False" />
                <line number="201" hits="5" branch="False" />
                <line number="202" hits="5" branch="False" />
                <line number="203" hits="5" branch="False" />
                <line number="205" hits="5" branch="False" />
                <line number="206" hits="5" branch="False" />
                <line number="208" hits="34" branch="True" condition-coverage="100% (2/2)">
                  <conditions>
                    <condition number="1075" type="jump" coverage="100%" />
                  </conditions>
                </line>
                <line number="212" hits="12" branch="False" />
                <line number="213" hits="9" branch="False" />
                <line number="214" hits="9" branch="False" />
                <line number="215" hits="3" branch="False" />
                <line number="217" hits="3" branch="False" />
                <line number="218" hits="3" branch="False" />
                <line number="219" hits="3" branch="False" />
                <line number="220" hits="3" branch="False" />
                <line number="221" hits="12" branch="False" />
                <line number="223" hits="5" branch="True" condition-coverage="100% (2/2)">
                  <conditions>
                    <condition number="1122" type="jump" coverage="100%" />
                  </conditions>
                </line>
                <line number="224" hits="1" branch="False" />
                <line number="226" hits="4" branch="False" />
                <line number="227" hits="4" branch="False" />
                <line number="228" hits="4" branch="False" />
                <line number="229" hits="4" branch="False" />
                <line number="230" hits="19" branch="False" />
              </lines>
            </method>
          </methods>
          <lines>
            <line number="171" hits="25" branch="False" />
            <line number="172" hits="25" branch="True" condition-coverage="100% (2/2)">
              <conditions>
                <condition number="60" type="jump" coverage="100%" />
              </conditions>
            </line>
            <line number="174" hits="1" branch="False" />
            <line number="175" hits="1" branch="False" />
            <line number="176" hits="1" branch="False" />
            <line number="179" hits="24" branch="False" />
            <line number="180" hits="24" branch="False" />
            <line number="182" hits="23" branch="False" />
            <line number="183" hits="23" branch="False" />
            <line number="184" hits="23" branch="False" />
            <line number="187" hits="23" branch="False" />
            <line number="188" hits="14" branch="False" />
            <line number="189" hits="14" branch="False" />
            <line number="190" hits="14" branch="False" />
            <line number="191" hits="6" branch="False" />
            <line number="193" hits="6" branch="True" condition-coverage="100% (4/4)">
              <conditions>
                <condition number="613" type="jump" coverage="100%" />
                <condition number="633" type="jump" coverage="100%" />
              </conditions>
            </line>
            <line number="194" hits="6" branch="False" />
            <line number="195" hits="6" branch="False" />
            <line number="196" hits="6" branch="False" />
            <line number="198" hits="6" branch="True" condition-coverage="100% (2/2)">
              <conditions>
                <condition number="668" type="jump" coverage="100%" />
              </conditions>
            </line>
            <line number="199" hits="1" branch="False" />
            <line number="201" hits="5" branch="False" />
            <line number="202" hits="5" branch="False" />
            <line number="203" hits="5" branch="False" />
            <line number="205" hits="5" branch="False" />
            <line number="206" hits="5" branch="False" />
            <line number="208" hits="34" branch="True" condition-coverage="100% (2/2)">
              <conditions>
                <condition number="1075" type="jump" coverage="100%" />
              </conditions>
            </line>
            <line number="212" hits="12" branch="False" />
            <line number="213" hits="9" branch="False" />
            <line number="214" hits="9" branch="False" />
            <line number="215" hits="3" branch="False" />
            <line number="217" hits="3" branch="False" />
            <line number="218" hits="3" branch="False" />
            <line number="219" hits="3" branch="False" />
            <line number="220" hits="3" branch="False" />
            <line number="221" hits="12" branch="False" />
            <line number="223" hits="5" branch="True" condition-coverage="100% (2/2)">
              <conditions>
                <condition number="1122" type="jump" coverage="100%" />
              </conditions>
            </line>
            <line number="224" hits="1" branch="False" />
            <line number="226" hits="4" branch="False" />
            <line number="227" hits="4" branch="False" />
            <line number="228" hits="4" branch="False" />
            <line number="229" hits="4" branch="False" />
            <line number="230" hits="19" branch="False" />
          </lines>
        </class>
        <class name="Hpoll.Worker.Services.PollingService" filename="Hpoll.Worker/Services/PollingService.cs" line-rate="1" branch-rate="0.5" complexity="2">
          <methods>
            <method name=".ctor" signature="(Microsoft.Extensions.DependencyInjection.IServiceScopeFactory,Microsoft.Extensions.Logging.ILogger`1&lt;Hpoll.Worker.Services.PollingService&gt;,Microsoft.Extensions.Options.IOptions`1&lt;Hpoll.Core.Configuration.PollingSettings&gt;,Hpoll.Core.Interfaces.ISystemInfoService,System.TimeProvider)" line-rate="1" branch-rate="0.5" complexity="2">
              <lines>
                <line number="28" hits="57" branch="False" />
                <line number="31" hits="57" branch="False" />
                <line number="32" hits="57" branch="False" />
                <line number="33" hits="57" branch="False" />
                <line number="34" hits="57" branch="False" />
                <line number="35" hits="57" branch="False" />
                <line number="36" hits="57" branch="False" />
                <line number="38" hits="57" branch="False" />
                <line number="39" hits="57" branch="False" />
                <line number="40" hits="57" branch="False" />
                <line number="41" hits="57" branch="False" />
                <line number="42" hits="57" branch="True" condition-coverage="50% (1/2)">
                  <conditions>
                    <condition number="51" type="jump" coverage="50%" />
                  </conditions>
                </line>
                <line number="43" hits="57" branch="False" />
              </lines>
            </method>
          </methods>
          <lines>
            <line number="28" hits="57" branch="False" />
            <line number="31" hits="57" branch="False" />
            <line number="32" hits="57" branch="False" />
            <line number="33" hits="57" branch="False" />
            <line number="34" hits="57" branch="False" />
            <line number="35" hits="57" branch="False" />
            <line number="36" hits="57" branch="False" />
            <line number="38" hits="57" branch="False" />
            <line number="39" hits="57" branch="False" />
            <line number="40" hits="57" branch="False" />
            <line number="41" hits="57" branch="False" />
            <line number="42" hits="57" branch="True" condition-coverage="50% (1/2)">
              <conditions>
                <condition number="51" type="jump" coverage="50%" />
              </conditions>
            </line>
            <line number="43" hits="57" branch="False" />
          </lines>
        </class>
        <class name="Hpoll.Worker.Services.PollingService/&lt;&gt;c" filename="Hpoll.Worker/Services/PollingService.cs" line-rate="1" branch-rate="1" complexity="7">
          <methods>
            <method name="&lt;PollHubAsync&gt;b__10_0" signature="(Hpoll.Core.Models.HueDeviceResource)" line-rate="1" branch-rate="1" complexity="1">
              <lines>
                <line number="145" hits="118" branch="False" />
              </lines>
            </method>
            <method name="&lt;PollHubAsync&gt;b__10_2" signature="(Hpoll.Core.Models.HueDeviceResource)" line-rate="1" branch-rate="1" complexity="1">
              <lines>
                <line number="155" hits="38" branch="False" />
              </lines>
            </method>
            <method name="&lt;PollHubAsync&gt;b__10_3" signature="(Hpoll.Core.Models.HueDeviceResource)" line-rate="1" branch-rate="1" complexity="4">
              <lines>
                <line number="156" hits="75" branch="True" condition-coverage="100% (4/4)">
                  <conditions>
                    <condition number="42" type="jump" coverage="100%" />
                    <condition number="86" type="jump" coverage="100%" />
                  </conditions>
                </line>
                <line number="157" hits="3" branch="False" />
                <line number="158" hits="80" branch="False" />
              </lines>
            </method>
            <method name="&lt;RemoveStaleDevicesAsync&gt;b__12_1" signature="(Hpoll.Data.Entities.Device)" line-rate="1" branch-rate="1" complexity="1">
              <lines>
                <line number="416" hits="6" branch="False" />
              </lines>
            </method>
          </methods>
          <lines>
            <line number="145" hits="118" branch="False" />
            <line number="155" hits="38" branch="False" />
            <line number="156" hits="75" branch="True" condition-coverage="100% (4/4)">
              <conditions>
                <condition number="42" type="jump" coverage="100%" />
                <condition number="86" type="jump" coverage="100%" />
              </conditions>
            </line>
            <line number="157" hits="3" branch="False" />
            <line number="158" hits="80" branch="False" />
            <line number="416" hits="6" branch="False" />
          </lines>
        </class>
        <class name="Hpoll.Worker.Services.PollingService/&lt;&gt;c__DisplayClass13_0" filename="Hpoll.Worker/Services/PollingService.cs" line-rate="1" branch-rate="1" complexity="1">
          <methods>
            <method name="&lt;GetOrCreateDeviceAsync&gt;b__0" signature="(Hpoll.Data.Entities.Device)" line-rate="1" branch-rate="1" complexity="1">
              <lines>
                <line number="431" hits="206" branch="False" />
              </lines>
            </method>
          </methods>
          <lines>
            <line number="431" hits="206" branch="False" />
          </lines>
        </class>
        <class name="Hpoll.Worker.Services.PollingService/&lt;CleanupOldDataAsync&gt;d__11" filename="Hpoll.Worker/Services/PollingService.cs" line-rate="0.8332999999999999" branch-rate="1" complexity="4">
          <methods>
            <method name="MoveNext" signature="()" line-rate="0.8332999999999999" branch-rate="1" complexity="4">
              <lines>
                <line number="382" hits="3" branch="False" />
                <line number="383" hits="3" branch="False" />
                <line number="384" hits="3" branch="False" />
                <line number="386" hits="3" branch="False" />
                <line number="387" hits="3" branch="False" />
                <line number="388" hits="3" branch="False" />
                <line number="390" hits="3" branch="False" />
                <line number="391" hits="3" branch="False" />
                <line number="392" hits="3" branch="False" />
                <line number="394" hits="3" branch="True" condition-coverage="100% (4/4)">
                  <conditions>
                    <condition number="625" type="jump" coverage="100%" />
                    <condition number="629" type="jump" coverage="100%" />
                  </conditions>
                </line>
                <line number="396" hits="1" branch="False" />
                <line number="397" hits="1" branch="False" />
                <line number="398" hits="1" branch="False" />
                <line number="400" hits="3" branch="False" />
                <line number="401" hits="0" branch="False" />
                <line number="403" hits="0" branch="False" />
                <line number="404" hits="0" branch="False" />
                <line number="405" hits="3" branch="False" />
              </lines>
            </method>
          </methods>
          <lines>
            <line number="382" hits="3" branch="False" />
            <line number="383" hits="3" branch="False" />
            <line number="384" hits="3" branch="False" />
            <line number="386" hits="3" branch="False" />
            <line number="387" hits="3" branch="False" />
            <line number="388" hits="3" branch="False" />
            <line number="390" hits="3" branch="False" />
            <line number="391" hits="3" branch="False" />
            <line number="392" hits="3" branch="False" />
            <line number="394" hits="3" branch="True" condition-coverage="100% (4/4)">
              <conditions>
                <condition number="625" type="jump" coverage="100%" />
                <condition number="629" type="jump" coverage="100%" />
              </conditions>
            </line>
            <line number="396" hits="1" branch="False" />
            <line number="397" hits="1" branch="False" />
            <line number="398" hits="1" branch="False" />
            <line number="400" hits="3" branch="False" />
            <line number="401" hits="0" branch="False" />
            <line number="403" hits="0" branch="False" />
            <line number="404" hits="0" branch="False" />
            <line number="405" hits="3" branch="False" />
          </lines>
        </class>
        <class name="Hpoll.Worker.Services.PollingService/&lt;ExecuteAsync&gt;d__8" filename="Hpoll.Worker/Services/PollingService.cs" line-rate="0" branch-rate="0" complexity="2">
          <methods>
            <method name="MoveNext" signature="()" line-rate="0" branch-rate="0" complexity="2">
              <lines>
                <line number="47" hits="0" branch="False" />
                <line number="50" hits="0" branch="True" condition-coverage="0% (0/2)">
                  <conditions>
                    <condition number="775" type="jump" coverage="0%" />
                  </conditions>
                </line>
                <line number="54" hits="0" branch="False" />
                <line number="55" hits="0" branch="False" />
                <line number="56" hits="0" branch="False" />
                <line number="57" hits="0" branch="False" />
                <line number="59" hits="0" branch="False" />
                <line number="60" hits="0" branch="False" />
                <line number="61" hits="0" branch="False" />
                <line number="62" hits="0" branch="False" />
                <line number="63" hits="0" branch="False" />
                <line number="64" hits="0" branch="False" />
                <line number="65" hits="0" branch="False" />
                <line number="66" hits="0" branch="False" />
                <line number="67" hits="0" branch="False" />
                <line number="69" hits="0" branch="False" />
                <line number="71" hits="0" branch="False" />
                <line number="73" hits="0" branch="False" />
                <line number="74" hits="0" branch="False" />
                <line number="78" hits="0" branch="False" />
                <line number="79" hits="0" branch="False" />
                <line number="80" hits="0" branch="False" />
                <line number="82" hits="0" branch="False" />
                <line number="85" hits="0" branch="False" />
              </lines>
            </method>
          </methods>
          <lines>
            <line number="47" hits="0" branch="False" />
            <line number="50" hits="0" branch="True" condition-coverage="0% (0/2)">
              <conditions>
                <condition number="775" type="jump" coverage="0%" />
              </conditions>
            </line>
            <line number="54" hits="0" branch="False" />
            <line number="55" hits="0" branch="False" />
            <line number="56" hits="0" branch="False" />
            <line number="57" hits="0" branch="False" />
            <line number="59" hits="0" branch="False" />
            <line number="60" hits="0" branch="False" />
            <line number="61" hits="0" branch="False" />
            <line number="62" hits="0" branch="False" />
            <line number="63" hits="0" branch="False" />
            <line number="64" hits="0" branch="False" />
            <line number="65" hits="0" branch="False" />
            <line number="66" hits="0" branch="False" />
            <line number="67" hits="0" branch="False" />
            <line number="69" hits="0" branch="False" />
            <line number="71" hits="0" branch="False" />
            <line number="73" hits="0" branch="False" />
            <line number="74" hits="0" branch="False" />
            <line number="78" hits="0" branch="False" />
            <line number="79" hits="0" branch="False" />
            <line number="80" hits="0" branch="False" />
            <line number="82" hits="0" branch="False" />
            <line number="85" hits="0" branch="False" />
          </lines>
        </class>
        <class name="Hpoll.Worker.Services.PollingService/&lt;GetOrCreateDeviceAsync&gt;d__13" filename="Hpoll.Worker/Services/PollingService.cs" line-rate="1" branch-rate="1" complexity="8">
          <methods>
            <method name="MoveNext" signature="()" line-rate="1" branch-rate="1" complexity="8">
              <lines>
                <line number="432" hits="113" branch="True" condition-coverage="100% (2/2)">
                  <conditions>
                    <condition number="78" type="jump" coverage="100%" />
                  </conditions>
                </line>
                <line number="434" hits="34" branch="False" />
                <line number="435" hits="34" branch="False" />
                <line number="436" hits="34" branch="False" />
                <line number="437" hits="34" branch="False" />
                <line number="438" hits="34" branch="False" />
                <line number="439" hits="34" branch="False" />
                <line number="440" hits="34" branch="False" />
                <line number="441" hits="34" branch="False" />
                <line number="442" hits="34" branch="False" />
                <line number="443" hits="34" branch="False" />
                <line number="447" hits="79" branch="False" />
                <line number="448" hits="83" branch="True" condition-coverage="100% (2/2)">
                  <conditions>
                    <condition number="325" type="jump" coverage="100%" />
                  </conditions>
                </line>
                <line number="449" hits="81" branch="True" condition-coverage="100% (2/2)">
                  <conditions>
                    <condition number="369" type="jump" coverage="100%" />
                  </conditions>
                </line>
                <line number="450" hits="82" branch="True" condition-coverage="100% (2/2)">
                  <conditions>
                    <condition number="393" type="jump" coverage="100%" />
                  </conditions>
                </line>
                <line number="452" hits="113" branch="False" />
                <line number="453" hits="113" branch="False" />
              </lines>
            </method>
          </methods>
          <lines>
            <line number="432" hits="113" branch="True" condition-coverage="100% (2/2)">
              <conditions>
                <condition number="78" type="jump" coverage="100%" />
              </conditions>
            </line>
            <line number="434" hits="34" branch="False" />
            <line number="435" hits="34" branch="False" />
            <line number="436" hits="34" branch="False" />
            <line number="437" hits="34" branch="False" />
            <line number="438" hits="34" branch="False" />
            <line number="439" hits="34" branch="False" />
            <line number="440" hits="34" branch="False" />
            <line number="441" hits="34" branch="False" />
            <line number="442" hits="34" branch="False" />
            <line number="443" hits="34" branch="False" />
            <line number="447" hits="79" branch="False" />
            <line number="448" hits="83" branch="True" condition-coverage="100% (2/2)">
              <conditions>
                <condition number="325" type="jump" coverage="100%" />
              </conditions>
            </line>
            <line number="449" hits="81" branch="True" condition-coverage="100% (2/2)">
              <conditions>
                <condition number="369" type="jump" coverage="100%" />
              </conditions>
            </line>
            <line number="450" hits="82" branch="True" condition-coverage="100% (2/2)">
              <conditions>
                <condition number="393" type="jump" coverage="100%" />
              </conditions>
            </line>
            <line number="452" hits="113" branch="False" />
            <line number="453" hits="113" branch="False" />
          </lines>
        </class>
        <class name="Hpoll.Worker.Services.PollingService/&lt;PollAllHubsAsync&gt;d__9" filename="Hpoll.Worker/Services/PollingService.cs" line-rate="1" branch-rate="1" complexity="4">
          <methods>
            <method name="MoveNext" signature="()" line-rate="1" branch-rate="1" complexity="4">
              <lines>
                <line number="89" hits="54" branch="False" />
                <line number="90" hits="54" branch="False" />
                <line number="91" hits="54" branch="False" />
                <line number="93" hits="54" branch="False" />
                <line number="94" hits="54" branch="False" />
                <line number="95" hits="54" branch="False" />
                <line number="96" hits="54" branch="False" />
                <line number="98" hits="54" branch="False" />
                <line number="100" hits="216" branch="True" condition-coverage="100% (2/2)">
                  <conditions>
                    <condition number="634" type="jump" coverage="100%" />
                  </conditions>
                </line>
                <line number="102" hits="54" branch="True" condition-coverage="100% (2/2)">
                  <conditions>
                    <condition number="467" type="jump" coverage="100%" />
                  </conditions>
                </line>
                <line number="104" hits="1" branch="False" />
                <line number="105" hits="1" branch="False" />
                <line number="107" hits="53" branch="False" />
                <line number="109" hits="54" branch="False" />
              </lines>
            </method>
          </methods>
          <lines>
            <line number="89" hits="54" branch="False" />
            <line number="90" hits="54" branch="False" />
            <line number="91" hits="54" branch="False" />
            <line number="93" hits="54" branch="False" />
            <line number="94" hits="54" branch="False" />
            <line number="95" hits="54" branch="False" />
            <line number="96" hits="54" branch="False" />
            <line number="98" hits="54" branch="False" />
            <line number="100" hits="216" branch="True" condition-coverage="100% (2/2)">
              <conditions>
                <condition number="634" type="jump" coverage="100%" />
              </conditions>
            </line>
            <line number="102" hits="54" branch="True" condition-coverage="100% (2/2)">
              <conditions>
                <condition number="467" type="jump" coverage="100%" />
              </conditions>
            </line>
            <line number="104" hits="1" branch="False" />
            <line number="105" hits="1" branch="False" />
            <line number="107" hits="53" branch="False" />
            <line number="109" hits="54" branch="False" />
          </lines>
        </class>
        <class name="Hpoll.Worker.Services.PollingService/&lt;PollHubAsync&gt;d__10" filename="Hpoll.Worker/Services/PollingService.cs" line-rate="1" branch-rate="0.9444" complexity="54">
          <methods>
            <method name="MoveNext" signature="()" line-rate="1" branch-rate="0.9444" complexity="54">
              <lines>
                <line number="113" hits="53" branch="False" />
                <line number="114" hits="53" branch="False" />
                <line number="115" hits="53" branch="False" />
                <line number="120" hits="53" branch="True" condition-coverage="100% (4/4)">
                  <conditions>
                    <condition number="192" type="jump" coverage="100%" />
                    <condition number="214" type="jump" coverage="100%" />
                  </conditions>
                </line>
                <line number="121" hits="53" branch="False" />
                <line number="122" hits="53" branch="False" />
                <line number="125" hits="53" branch="False" />
                <line number="126" hits="52" branch="False" />
                <line number="127" hits="52" branch="False" />
                <line number="128" hits="52" branch="True" condition-coverage="100% (2/2)">
                  <conditions>
                    <condition number="423" type="jump" coverage="100%" />
                  </conditions>
                </line>
                <line number="129" hits="52" branch="False" />
                <line number="130" hits="52" branch="False" />
                <line number="131" hits="52" branch="True" condition-coverage="100% (2/2)">
                  <conditions>
                    <condition number="488" type="jump" coverage="100%" />
                  </conditions>
                </line>
                <line number="132" hits="52" branch="False" />
                <line number="133" hits="52" branch="False" />
                <line number="135" hits="52" branch="False" />
                <line number="136" hits="42" branch="True" condition-coverage="100% (2/2)">
                  <conditions>
                    <condition number="697" type="jump" coverage="100%" />
                  </conditions>
                </line>
                <line number="138" hits="42" branch="False" />
                <line number="139" hits="42" branch="False" />
                <line number="140" hits="42" branch="False" />
                <line number="141" hits="42" branch="False" />
                <line number="142" hits="42" branch="False" />
                <line number="154" hits="42" branch="False" />
                <line number="165" hits="42" branch="False" />
                <line number="172" hits="42" branch="False" />
                <line number="173" hits="42" branch="True" condition-coverage="100% (2/2)">
                  <conditions>
                    <condition number="1454" type="jump" coverage="100%" />
                  </conditions>
                </line>
                <line number="174" hits="42" branch="False" />
                <line number="175" hits="42" branch="False" />
                <line number="178" hits="154" branch="True" condition-coverage="100% (2/2)">
                  <conditions>
                    <condition number="2003" type="jump" coverage="100%" />
                  </conditions>
                </line>
                <line number="180" hits="35" branch="True" condition-coverage="100% (4/4)">
                  <conditions>
                    <condition number="1575" type="jump" coverage="100%" />
                    <condition number="1596" type="jump" coverage="100%" />
                  </conditions>
                </line>
                <line number="182" hits="33" branch="False" />
                <line number="185" hits="33" branch="True" condition-coverage="100% (2/2)">
                  <conditions>
                    <condition number="1658" type="jump" coverage="100%" />
                  </conditions>
                </line>
                <line number="186" hits="33" branch="False" />
                <line number="187" hits="33" branch="False" />
                <line number="188" hits="33" branch="False" />
                <line number="190" hits="33" branch="False" />
                <line number="192" hits="33" branch="False" />
                <line number="194" hits="33" branch="False" />
                <line number="195" hits="33" branch="False" />
                <line number="196" hits="33" branch="False" />
                <line number="197" hits="33" branch="False" />
                <line number="198" hits="33" branch="False" />
                <line number="199" hits="33" branch="False" />
                <line number="200" hits="33" branch="False" />
                <line number="201" hits="33" branch="False" />
                <line number="202" hits="33" branch="False" />
                <line number="203" hits="33" branch="False" />
                <line number="204" hits="33" branch="False" />
                <line number="205" hits="33" branch="False" />
                <line number="208" hits="148" branch="True" condition-coverage="100% (2/2)">
                  <conditions>
                    <condition number="2520" type="jump" coverage="100%" />
                  </conditions>
                </line>
                <line number="210" hits="32" branch="True" condition-coverage="100% (4/4)">
                  <conditions>
                    <condition number="2107" type="jump" coverage="100%" />
                    <condition number="2128" type="jump" coverage="100%" />
                  </conditions>
                </line>
                <line number="212" hits="30" branch="False" />
                <line number="215" hits="30" branch="True" condition-coverage="100% (2/2)">
                  <conditions>
                    <condition number="2190" type="jump" coverage="100%" />
                  </conditions>
                </line>
                <line number="216" hits="30" branch="False" />
                <line number="217" hits="30" branch="False" />
                <line number="218" hits="30" branch="False" />
                <line number="220" hits="30" branch="False" />
                <line number="222" hits="30" branch="False" />
                <line number="223" hits="30" branch="False" />
                <line number="224" hits="30" branch="False" />
                <line number="225" hits="30" branch="False" />
                <line number="226" hits="30" branch="False" />
                <line number="227" hits="30" branch="False" />
                <line number="228" hits="30" branch="False" />
                <line number="229" hits="30" branch="False" />
                <line number="230" hits="30" branch="False" />
                <line number="231" hits="30" branch="False" />
                <line number="232" hits="30" branch="False" />
                <line number="233" hits="30" branch="False" />
                <line number="236" hits="42" branch="True" condition-coverage="100% (4/4)">
                  <conditions>
                    <condition number="2567" type="jump" coverage="100%" />
                    <condition number="2589" type="jump" coverage="100%" />
                  </conditions>
                </line>
                <line number="238" hits="108" branch="True" condition-coverage="100% (2/2)">
                  <conditions>
                    <condition number="3071" type="jump" coverage="100%" />
                  </conditions>
                </line>
                <line number="240" hits="27" branch="True" condition-coverage="100% (2/2)">
                  <conditions>
                    <condition number="2671" type="jump" coverage="100%" />
                  </conditions>
                </line>
                <line number="242" hits="25" branch="False" />
                <line number="244" hits="25" branch="True" condition-coverage="100% (2/2)">
                  <conditions>
                    <condition number="2733" type="jump" coverage="100%" />
                  </conditions>
                </line>
                <line number="245" hits="25" branch="False" />
                <line number="246" hits="25" branch="False" />
                <line number="247" hits="25" branch="False" />
                <line number="249" hits="25" branch="False" />
                <line number="251" hits="25" branch="True" condition-coverage="50% (1/2)">
                  <conditions>
                    <condition number="3023" type="jump" coverage="50%" />
                  </conditions>
                </line>
                <line number="252" hits="25" branch="False" />
                <line number="253" hits="25" branch="False" />
                <line number="254" hits="25" branch="False" />
                <line number="255" hits="25" branch="False" />
                <line number="256" hits="25" branch="False" />
                <line number="257" hits="25" branch="False" />
                <line number="258" hits="25" branch="False" />
                <line number="259" hits="25" branch="False" />
                <line number="260" hits="25" branch="False" />
                <line number="261" hits="25" branch="False" />
                <line number="262" hits="25" branch="False" />
                <line number="264" hits="27" branch="False" />
                <line number="266" hits="27" branch="False" />
                <line number="267" hits="27" branch="False" />
                <line number="268" hits="27" branch="False" />
[...]
                <line number="9" hits="278" branch="False" />
              </lines>
            </method>
            <method name="get_TimeZoneId" signature="()" line-rate="1" branch-rate="1" complexity="1">
              <lines>
                <line number="10" hits="180" branch="False" />
              </lines>
            </method>
            <method name="get_CcEmails" signature="()" line-rate="1" branch-rate="1" complexity="1">
              <lines>
                <line number="11" hits="176" branch="False" />
              </lines>
            </method>
            <method name="get_BccEmails" signature="()" line-rate="1" branch-rate="1" complexity="1">
              <lines>
                <line number="12" hits="176" branch="False" />
              </lines>
            </method>
            <method name="get_SendTimesLocal" signature="()" line-rate="1" branch-rate="1" complexity="1">
              <lines>
                <line number="13" hits="168" branch="False" />
              </lines>
            </method>
            <method name="get_NextSendTimeUtc" signature="()" line-rate="1" branch-rate="1" complexity="1">
              <lines>
                <line number="14" hits="50" branch="False" />
              </lines>
            </method>
            <method name="get_SummaryWindowOffsetHours" signature="()" line-rate="0" branch-rate="1" complexity="1">
              <lines>
                <line number="15" hits="0" branch="False" />
              </lines>
            </method>
            <method name="get_SummaryWindowHours" signature="()" line-rate="0" branch-rate="1" complexity="1">
              <lines>
                <line number="16" hits="0" branch="False" />
              </lines>
            </method>
            <method name="get_SummaryWindowCount" signature="()" line-rate="0" branch-rate="1" complexity="1">
              <lines>
                <line number="17" hits="0" branch="False" />
              </lines>
            </method>
            <method name="get_IncludeLatestLocations" signature="()" line-rate="1" branch-rate="1" complexity="1">
              <lines>
                <line number="18" hits="129" branch="False" />
              </lines>
            </method>
            <method name="get_Status" signature="()" line-rate="1" branch-rate="1" complexity="1">
              <lines>
                <line number="19" hits="155" branch="False" />
              </lines>
            </method>
            <method name="get_CreatedAt" signature="()" line-rate="1" branch-rate="1" complexity="1">
              <lines>
                <line number="20" hits="129" branch="False" />
              </lines>
            </method>
            <method name="get_UpdatedAt" signature="()" line-rate="1" branch-rate="1" complexity="1">
              <lines>
                <line number="21" hits="143" branch="False" />
              </lines>
            </method>
            <method name="get_Hubs" signature="()" line-rate="1" branch-rate="1" complexity="1">
              <lines>
                <line number="22" hits="129" branch="False" />
              </lines>
            </method>
          </methods>
          <lines>
            <line number="7" hits="127" branch="False" />
            <line number="8" hits="257" branch="False" />
            <line number="9" hits="278" branch="False" />
            <line number="10" hits="180" branch="False" />
            <line number="11" hits="176" branch="False" />
            <line number="12" hits="176" branch="False" />
            <line number="13" hits="168" branch="False" />
            <line number="14" hits="50" branch="False" />
            <line number="15" hits="0" branch="False" />
            <line number="16" hits="0" branch="False" />
            <line number="17" hits="0" branch="False" />
            <line number="18" hits="129" branch="False" />
            <line number="19" hits="155" branch="False" />
            <line number="20" hits="129" branch="False" />
            <line number="21" hits="143" branch="False" />
            <line number="22" hits="129" branch="False" />
          </lines>
        </class>
        <class name="Hpoll.Data.Entities.Device" filename="Hpoll.Data/Entities/Device.cs" line-rate="0.9" branch-rate="1" complexity="10">
          <methods>
            <method name="get_Id" signature="()" line-rate="1" branch-rate="1" complexity="1">
              <lines>
                <line number="5" hits="124" branch="False" />
              </lines>
            </method>
            <method name="get_HubId" signature="()" line-rate="1" branch-rate="1" complexity="1">
              <lines>
                <line number="6" hits="43" branch="False" />
              </lines>
            </method>
            <method name="get_Hub" signature="()" line-rate="0" branch-rate="1" complexity="1">
              <lines>
                <line number="7" hits="0" branch="False" />
              </lines>
            </method>
            <method name="get_HueDeviceId" signature="()" line-rate="1" branch-rate="1" complexity="1">
              <lines>
                <line number="8" hits="197" branch="False" />
              </lines>
            </method>
            <method name="get_DeviceType" signature="()" line-rate="1" branch-rate="1" complexity="1">
              <lines>
                <line number="9" hits="189" branch="False" />
              </lines>
            </method>
            <method name="get_Name" signature="()" line-rate="1" branch-rate="1" complexity="1">
              <lines>
                <line number="10" hits="191" branch="False" />
              </lines>
            </method>
            <method name="get_RoomName" signature="()" line-rate="1" branch-rate="1" complexity="1">
              <lines>
                <line number="15" hits="61" branch="False" />
              </lines>
            </method>
            <method name="get_CreatedAt" signature="()" line-rate="1" branch-rate="1" complexity="1">
              <lines>
                <line number="16" hits="61" branch="False" />
              </lines>
            </method>
            <method name="get_UpdatedAt" signature="()" line-rate="1" branch-rate="1" complexity="1">
              <lines>
                <line number="17" hits="67" branch="False" />
              </lines>
            </method>
            <method name="get_Readings" signature="()" line-rate="1" branch-rate="1" complexity="1">
              <lines>
                <line number="18" hits="61" branch="False" />
              </lines>
            </method>
          </methods>
          <lines>
            <line number="5" hits="124" branch="False" />
            <line number="6" hits="43" branch="False" />
            <line number="7" hits="0" branch="False" />
            <line number="8" hits="197" branch="False" />
            <line number="9" hits="189" branch="False" />
            <line number="10" hits="191" branch="False" />
            <line number="15" hits="61" branch="False" />
            <line number="16" hits="61" branch="False" />
            <line number="17" hits="67" branch="False" />
            <line number="18" hits="61" branch="False" />
          </lines>
        </class>
        <class name="Hpoll.Data.Entities.DeviceReading" filename="Hpoll.Data/Entities/DeviceReading.cs" line-rate="0.6666" branch-rate="1" complexity="6">
          <methods>
            <method name="get_Id" signature="()" line-rate="0" branch-rate="1" complexity="1">
              <lines>
                <line number="5" hits="0" branch="False" />
              </lines>
            </method>
            <method name="get_DeviceId" signature="()" line-rate="1" branch-rate="1" complexity="1">
              <lines>
                <line number="6" hits="120" branch="False" />
              </lines>
            </method>
            <method name="get_Device" signature="()" line-rate="0" branch-rate="1" complexity="1">
              <lines>
                <line number="7" hits="0" branch="False" />
              </lines>
            </method>
            <method name="get_Timestamp" signature="()" line-rate="1" branch-rate="1" complexity="1">
              <lines>
                <line number="8" hits="261" branch="False" />
              </lines>
            </method>
            <method name="get_ReadingType" signature="()" line-rate="1" branch-rate="1" complexity="1">
              <lines>
                <line number="9" hits="259" branch="False" />
              </lines>
            </method>
            <method name="get_Value" signature="()" line-rate="1" branch-rate="1" complexity="1">
              <lines>
                <line number="10" hits="267" branch="False" />
              </lines>
            </method>
          </methods>
          <lines>
            <line number="5" hits="0" branch="False" />
            <line number="6" hits="120" branch="False" />
            <line number="7" hits="0" branch="False" />
            <line number="8" hits="261" branch="False" />
            <line number="9" hits="259" branch="False" />
            <line number="10" hits="267" branch="False" />
          </lines>
        </class>
        <class name="Hpoll.Data.Entities.Hub" filename="Hpoll.Data/Entities/Hub.cs" line-rate="0.8887999999999999" branch-rate="1" complexity="18">
          <methods>
            <method name="get_Id" signature="()" line-rate="1" branch-rate="1" complexity="1">
              <lines>
                <line number="7" hits="156" branch="False" />
              </lines>
            </method>
            <method name="get_CustomerId" signature="()" line-rate="1" branch-rate="1" complexity="1">
              <lines>
                <line number="8" hits="72" branch="False" />
              </lines>
            </method>
            <method name="get_Customer" signature="()" line-rate="0" branch-rate="1" complexity="1">
              <lines>
                <line number="9" hits="0" branch="False" />
              </lines>
            </method>
            <method name="get_HueBridgeId" signature="()" line-rate="1" branch-rate="1" complexity="1">
              <lines>
                <line number="10" hits="383" branch="False" />
              </lines>
            </method>
            <method name="get_HueApplicationKey" signature="()" line-rate="1" branch-rate="1" complexity="1">
              <lines>
                <line number="11" hits="487" branch="False" />
              </lines>
            </method>
            <method name="get_AccessToken" signature="()" line-rate="1" branch-rate="1" complexity="1">
              <lines>
                <line number="12" hits="503" branch="False" />
              </lines>
            </method>
            <method name="get_RefreshToken" signature="()" line-rate="1" branch-rate="1" complexity="1">
              <lines>
                <line number="13" hits="268" branch="False" />
              </lines>
            </method>
            <method name="get_TokenExpiresAt" signature="()" line-rate="1" branch-rate="1" complexity="1">
              <lines>
                <line number="14" hits="157" branch="False" />
              </lines>
            </method>
            <method name="get_Status" signature="()" line-rate="1" branch-rate="1" complexity="1">
              <lines>
                <line number="15" hits="243" branch="False" />
              </lines>
            </method>
            <method name="get_DeactivatedAt" signature="()" line-rate="0" branch-rate="1" complexity="1">
              <lines>
                <line number="17" hits="0" branch="False" />
              </lines>
            </method>
            <method name="get_LastPolledAt" signature="()" line-rate="1" branch-rate="1" complexity="1">
              <lines>
                <line number="18" hits="102" branch="False" />
              </lines>
            </method>
            <method name="get_LastBatteryPollUtc" signature="()" line-rate="1" branch-rate="1" complexity="1">
              <lines>
                <line number="19" hits="116" branch="False" />
              </lines>
            </method>
            <method name="get_LastSuccessAt" signature="()" line-rate="1" branch-rate="1" complexity="1">
              <lines>
                <line number="20" hits="30" branch="False" />
              </lines>
            </method>
            <method name="get_ConsecutiveFailures" signature="()" line-rate="1" branch-rate="1" complexity="1">
              <lines>
                <line number="22" hits="84" branch="False" />
              </lines>
            </method>
            <method name="get_CreatedAt" signature="()" line-rate="1" branch-rate="1" complexity="1">
              <lines>
                <line number="23" hits="162" branch="False" />
              </lines>
            </method>
            <method name="get_UpdatedAt" signature="()" line-rate="1" branch-rate="1" complexity="1">
              <lines>
                <line number="24" hits="229" branch="False" />
              </lines>
            </method>
            <method name="get_Devices" signature="()" line-rate="1" branch-rate="1" complexity="1">
              <lines>
                <line number="25" hits="309" branch="False" />
              </lines>
            </method>
            <method name="get_PollingLogs" signature="()" line-rate="1" branch-rate="1" complexity="1">
              <lines>
                <line number="26" hits="162" branch="False" />
              </lines>
            </method>
          </methods>
          <lines>
            <line number="7" hits="156" branch="False" />
            <line number="8" hits="72" branch="False" />
            <line number="9" hits="0" branch="False" />
            <line number="10" hits="383" branch="False" />
            <line number="11" hits="487" branch="False" />
            <line number="12" hits="503" branch="False" />
            <line number="13" hits="268" branch="False" />
            <line number="14" hits="157" branch="False" />
            <line number="15" hits="243" branch="False" />
            <line number="17" hits="0" branch="False" />
            <line number="18" hits="102" branch="False" />
            <line number="19" hits="116" branch="False" />
            <line number="20" hits="30" branch="False" />
            <line number="22" hits="84" branch="False" />
            <line number="23" hits="162" branch="False" />
            <line number="24" hits="229" branch="False" />
            <line number="25" hits="309" branch="False" />
            <line number="26" hits="162" branch="False" />
          </lines>
        </class>
        <class name="Hpoll.Data.Entities.HubExtensions" filename="Hpoll.Data/Entities/HubExtensions.cs" line-rate="1" branch-rate="1" complexity="2">
          <methods>
            <method name="ApplyTokenResponse" signature="(Hpoll.Data.Entities.Hub,Hpoll.Core.Models.HueTokenResponse,System.DateTime)" line-rate="1" branch-rate="1" complexity="2">
              <lines>
                <line number="15" hits="9" branch="False" />
                <line number="16" hits="9" branch="True" condition-coverage="100% (2/2)">
                  <conditions>
                    <condition number="23" type="jump" coverage="100%" />
                  </conditions>
                </line>
                <line number="17" hits="7" branch="False" />
                <line number="18" hits="9" branch="False" />
                <line number="19" hits="9" branch="False" />
                <line number="20" hits="9" branch="False" />
              </lines>
            </method>
          </methods>
          <lines>
            <line number="15" hits="9" branch="False" />
            <line number="16" hits="9" branch="True" condition-coverage="100% (2/2)">
              <conditions>
                <condition number="23" type="jump" coverage="100%" />
              </conditions>
            </line>
            <line number="17" hits="7" branch="False" />
            <line number="18" hits="9" branch="False" />
            <line number="19" hits="9" branch="False" />
            <line number="20" hits="9" branch="False" />
          </lines>
        </class>
        <class name="Hpoll.Data.Entities.PollingLog" filename="Hpoll.Data/Entities/PollingLog.cs" line-rate="0.7142000000000001" branch-rate="1" complexity="7">
          <methods>
            <method name="get_Id" signature="()" line-rate="0" branch-rate="1" complexity="1">
              <lines>
                <line number="5" hits="0" branch="False" />
              </lines>
            </method>
            <method name="get_HubId" signature="()" line-rate="1" branch-rate="1" complexity="1">
              <lines>
                <line number="6" hits="56" branch="False" />
              </lines>
            </method>
            <method name="get_Hub" signature="()" line-rate="0" branch-rate="1" complexity="1">
              <lines>
                <line number="7" hits="0" branch="False" />
              </lines>
            </method>
            <method name="get_Timestamp" signature="()" line-rate="1" branch-rate="1" complexity="1">
              <lines>
                <line number="8" hits="122" branch="False" />
              </lines>
            </method>
            <method name="get_Success" signature="()" line-rate="1" branch-rate="1" complexity="1">
              <lines>
                <line number="9" hits="60" branch="False" />
              </lines>
            </method>
            <method name="get_ErrorMessage" signature="()" line-rate="1" branch-rate="1" complexity="1">
              <lines>
                <line number="10" hits="27" branch="False" />
              </lines>
            </method>
            <method name="get_ApiCallsMade" signature="()" line-rate="1" branch-rate="1" complexity="1">
              <lines>
                <line number="11" hits="59" branch="False" />
              </lines>
            </method>
          </methods>
          <lines>
            <line number="5" hits="0" branch="False" />
            <line number="6" hits="56" branch="False" />
            <line number="7" hits="0" branch="False" />
            <line number="8" hits="122" branch="False" />
            <line number="9" hits="60" branch="False" />
            <line number="10" hits="27" branch="False" />
            <line number="11" hits="59" branch="False" />
          </lines>
        </class>
        <class name="Hpoll.Data.Entities.SystemInfo" filename="Hpoll.Data/Entities/SystemInfo.cs" line-rate="1" branch-rate="1" complexity="4">
          <methods>
            <method name="get_Key" signature="()" line-rate="1" branch-rate="1" complexity="1">
              <lines>
                <line number="5" hits="45" branch="False" />
              </lines>
            </method>
            <method name="get_Value" signature="()" line-rate="1" branch-rate="1" complexity="1">
              <lines>
                <line number="6" hits="53" branch="False" />
              </lines>
            </method>
            <method name="get_Category" signature="()" line-rate="1" branch-rate="1" complexity="1">
              <lines>
                <line number="7" hits="55" branch="False" />
              </lines>
            </method>
            <method name="get_UpdatedAt" signature="()" line-rate="1" branch-rate="1" complexity="1">
              <lines>
                <line number="8" hits="48" branch="False" />
              </lines>
            </method>
          </methods>
          <lines>
            <line number="5" hits="45" branch="False" />
            <line number="6" hits="53" branch="False" />
            <line number="7" hits="55" branch="False" />
            <line number="8" hits="48" branch="False" />
          </lines>
        </class>
      </classes>
    </package>
  </packages>
</coverage>